{"/home/travis/build/npmtest/node-npmtest-native-dns/test.js":{"path":"/home/travis/build/npmtest/node-npmtest-native-dns/test.js","s":{"1":2,"2":2,"3":2,"4":2,"5":2,"6":2,"7":2,"8":1,"9":2,"10":2,"11":1,"12":1,"13":1,"14":1,"15":2,"16":2,"17":2,"18":2,"19":1,"20":1,"21":2,"22":2,"23":2,"24":1,"25":1,"26":1,"27":1,"28":1,"29":1,"30":1,"31":1,"32":1,"33":1,"34":1,"35":1,"36":1,"37":1,"38":1,"39":2,"40":2,"41":1,"42":2,"43":2,"44":1,"45":2,"46":2,"47":1,"48":2,"49":2,"50":1,"51":1,"52":1,"53":1,"54":1},"b":{"1":[2,1,1,1],"2":[1,1,1,1],"3":[1,1],"4":[1,1],"5":[1,1],"6":[1,1],"7":[1,1],"8":[1,1],"9":[1,1],"10":[1,1,1],"11":[1,1],"12":[1,1],"13":[1,1],"14":[1,1],"15":[1,1],"16":[1,1],"17":[1,1]},"f":{"1":2,"2":2,"3":2,"4":2,"5":2,"6":1,"7":1,"8":1,"9":2,"10":2,"11":2,"12":2,"13":1},"fnMap":{"1":{"name":"(anonymous_1)","line":12,"loc":{"start":{"line":12,"column":1},"end":{"line":12,"column":13}}},"2":{"name":"(anonymous_2)","line":19,"loc":{"start":{"line":19,"column":5},"end":{"line":19,"column":17}}},"3":{"name":"(anonymous_3)","line":23,"loc":{"start":{"line":23,"column":24},"end":{"line":23,"column":36}}},"4":{"name":"(anonymous_4)","line":61,"loc":{"start":{"line":61,"column":5},"end":{"line":61,"column":17}}},"5":{"name":"(anonymous_5)","line":82,"loc":{"start":{"line":82,"column":5},"end":{"line":82,"column":17}}},"6":{"name":"(anonymous_6)","line":91,"loc":{"start":{"line":91,"column":77},"end":{"line":94,"column":10}}},"7":{"name":"(anonymous_7)","line":112,"loc":{"start":{"line":112,"column":83},"end":{"line":115,"column":10}},"skip":true},"8":{"name":"(anonymous_8)","line":123,"loc":{"start":{"line":123,"column":77},"end":{"line":126,"column":10}},"skip":true},"9":{"name":"(anonymous_9)","line":139,"loc":{"start":{"line":139,"column":12},"end":{"line":139,"column":40}},"skip":true},"10":{"name":"(anonymous_10)","line":147,"loc":{"start":{"line":147,"column":77},"end":{"line":150,"column":10}},"skip":true},"11":{"name":"(anonymous_11)","line":158,"loc":{"start":{"line":158,"column":83},"end":{"line":161,"column":10}},"skip":true},"12":{"name":"(anonymous_12)","line":169,"loc":{"start":{"line":169,"column":79},"end":{"line":172,"column":10}},"skip":true},"13":{"name":"(anonymous_13)","line":180,"loc":{"start":{"line":180,"column":75},"end":{"line":183,"column":10}},"skip":true}},"statementMap":{"1":{"start":{"line":12,"column":0},"end":{"line":195,"column":5}},"2":{"start":{"line":14,"column":4},"end":{"line":14,"column":14}},"3":{"start":{"line":19,"column":4},"end":{"line":56,"column":9}},"4":{"start":{"line":21,"column":8},"end":{"line":21,"column":19}},"5":{"start":{"line":23,"column":8},"end":{"line":35,"column":13}},"6":{"start":{"line":24,"column":12},"end":{"line":34,"column":13}},"7":{"start":{"line":25,"column":16},"end":{"line":28,"column":30}},"8":{"start":{"line":30,"column":16},"end":{"line":33,"column":27}},"9":{"start":{"line":37,"column":8},"end":{"line":39,"column":21}},"10":{"start":{"line":40,"column":8},"end":{"line":53,"column":9}},"11":{"start":{"line":43,"column":12},"end":{"line":46,"column":14}},"12":{"start":{"line":47,"column":12},"end":{"line":47,"column":18}},"13":{"start":{"line":50,"column":12},"end":{"line":51,"column":33}},"14":{"start":{"line":52,"column":12},"end":{"line":52,"column":18}},"15":{"start":{"line":55,"column":8},"end":{"line":55,"column":35}},"16":{"start":{"line":61,"column":4},"end":{"line":63,"column":9}},"17":{"start":{"line":62,"column":8},"end":{"line":62,"column":15}},"18":{"start":{"line":64,"column":4},"end":{"line":77,"column":5}},"19":{"start":{"line":70,"column":8},"end":{"line":70,"column":14}},"20":{"start":{"line":76,"column":8},"end":{"line":76,"column":14}},"21":{"start":{"line":82,"column":4},"end":{"line":84,"column":9}},"22":{"start":{"line":83,"column":8},"end":{"line":83,"column":15}},"23":{"start":{"line":85,"column":4},"end":{"line":194,"column":5}},"24":{"start":{"line":91,"column":8},"end":{"line":99,"column":10}},"25":{"start":{"line":98,"column":12},"end":{"line":98,"column":35}},"26":{"start":{"line":102,"column":8},"end":{"line":104,"column":63}},"27":{"start":{"line":105,"column":8},"end":{"line":105,"column":14}},"28":{"start":{"line":112,"column":8},"end":{"line":121,"column":10},"skip":true},"29":{"start":{"line":119,"column":12},"end":{"line":119,"column":55},"skip":true},"30":{"start":{"line":120,"column":12},"end":{"line":120,"column":48},"skip":true},"31":{"start":{"line":123,"column":8},"end":{"line":136,"column":10},"skip":true},"32":{"start":{"line":130,"column":12},"end":{"line":130,"column":76},"skip":true},"33":{"start":{"line":131,"column":12},"end":{"line":131,"column":73},"skip":true},"34":{"start":{"line":132,"column":12},"end":{"line":132,"column":74},"skip":true},"35":{"start":{"line":133,"column":12},"end":{"line":133,"column":79},"skip":true},"36":{"start":{"line":134,"column":12},"end":{"line":134,"column":25},"skip":true},"37":{"start":{"line":135,"column":12},"end":{"line":135,"column":45},"skip":true},"38":{"start":{"line":138,"column":8},"end":{"line":145,"column":14},"skip":true},"39":{"start":{"line":143,"column":16},"end":{"line":143,"column":29},"skip":true},"40":{"start":{"line":144,"column":16},"end":{"line":144,"column":55},"skip":true},"41":{"start":{"line":147,"column":8},"end":{"line":156,"column":10},"skip":true},"42":{"start":{"line":154,"column":12},"end":{"line":154,"column":25},"skip":true},"43":{"start":{"line":155,"column":12},"end":{"line":155,"column":45},"skip":true},"44":{"start":{"line":158,"column":8},"end":{"line":167,"column":10},"skip":true},"45":{"start":{"line":165,"column":12},"end":{"line":165,"column":25},"skip":true},"46":{"start":{"line":166,"column":12},"end":{"line":166,"column":48},"skip":true},"47":{"start":{"line":169,"column":8},"end":{"line":178,"column":10},"skip":true},"48":{"start":{"line":176,"column":12},"end":{"line":176,"column":25},"skip":true},"49":{"start":{"line":177,"column":12},"end":{"line":177,"column":46},"skip":true},"50":{"start":{"line":180,"column":8},"end":{"line":189,"column":10},"skip":true},"51":{"start":{"line":187,"column":12},"end":{"line":187,"column":94},"skip":true},"52":{"start":{"line":188,"column":12},"end":{"line":188,"column":48},"skip":true},"53":{"start":{"line":192,"column":8},"end":{"line":192,"column":35},"skip":true},"54":{"start":{"line":193,"column":8},"end":{"line":193,"column":14},"skip":true}},"branchMap":{"1":{"line":25,"type":"binary-expr","locations":[{"start":{"line":25,"column":23},"end":{"line":25,"column":62}},{"start":{"line":26,"column":20},"end":{"line":26,"column":70}},{"start":{"line":27,"column":20},"end":{"line":27,"column":71}},{"start":{"line":28,"column":20},"end":{"line":28,"column":29}}]},"2":{"line":30,"type":"binary-expr","locations":[{"start":{"line":30,"column":23},"end":{"line":30,"column":37}},{"start":{"line":31,"column":20},"end":{"line":31,"column":61}},{"start":{"line":32,"column":20},"end":{"line":32,"column":70}},{"start":{"line":33,"column":20},"end":{"line":33,"column":26}}]},"3":{"line":37,"type":"cond-expr","locations":[{"start":{"line":38,"column":14},"end":{"line":38,"column":20}},{"start":{"line":39,"column":14},"end":{"line":39,"column":20}}]},"4":{"line":40,"type":"switch","locations":[{"start":{"line":42,"column":8},"end":{"line":47,"column":18}},{"start":{"line":49,"column":8},"end":{"line":52,"column":18}}]},"5":{"line":44,"type":"binary-expr","locations":[{"start":{"line":44,"column":16},"end":{"line":44,"column":44}},{"start":{"line":44,"column":48},"end":{"line":44,"column":66}}]},"6":{"line":50,"type":"binary-expr","locations":[{"start":{"line":50,"column":21},"end":{"line":50,"column":49}},{"start":{"line":50,"column":53},"end":{"line":50,"column":72}}]},"7":{"line":64,"type":"switch","locations":[{"start":{"line":69,"column":4},"end":{"line":70,"column":14}},{"start":{"line":75,"column":4},"end":{"line":76,"column":14}}]},"8":{"line":85,"type":"switch","locations":[{"start":{"line":90,"column":4},"end":{"line":105,"column":14}},{"start":{"line":111,"column":4},"end":{"line":193,"column":14},"skip":true}]},"9":{"line":91,"type":"binary-expr","locations":[{"start":{"line":91,"column":42},"end":{"line":91,"column":73}},{"start":{"line":91,"column":77},"end":{"line":99,"column":9}}]},"10":{"line":102,"type":"binary-expr","locations":[{"start":{"line":102,"column":18},"end":{"line":102,"column":32}},{"start":{"line":103,"column":12},"end":{"line":103,"column":53}},{"start":{"line":104,"column":12},"end":{"line":104,"column":61}}]},"11":{"line":112,"type":"binary-expr","locations":[{"start":{"line":112,"column":45},"end":{"line":112,"column":79},"skip":true},{"start":{"line":112,"column":83},"end":{"line":121,"column":9},"skip":true}]},"12":{"line":123,"type":"binary-expr","locations":[{"start":{"line":123,"column":42},"end":{"line":123,"column":73},"skip":true},{"start":{"line":123,"column":77},"end":{"line":136,"column":9},"skip":true}]},"13":{"line":138,"type":"binary-expr","locations":[{"start":{"line":138,"column":48},"end":{"line":138,"column":85},"skip":true},{"start":{"line":139,"column":12},"end":{"line":145,"column":13},"skip":true}]},"14":{"line":147,"type":"binary-expr","locations":[{"start":{"line":147,"column":42},"end":{"line":147,"column":73},"skip":true},{"start":{"line":147,"column":77},"end":{"line":156,"column":9},"skip":true}]},"15":{"line":158,"type":"binary-expr","locations":[{"start":{"line":158,"column":45},"end":{"line":158,"column":79},"skip":true},{"start":{"line":158,"column":83},"end":{"line":167,"column":9},"skip":true}]},"16":{"line":169,"type":"binary-expr","locations":[{"start":{"line":169,"column":43},"end":{"line":169,"column":75},"skip":true},{"start":{"line":169,"column":79},"end":{"line":178,"column":9},"skip":true}]},"17":{"line":180,"type":"binary-expr","locations":[{"start":{"line":180,"column":41},"end":{"line":180,"column":71},"skip":true},{"start":{"line":180,"column":75},"end":{"line":189,"column":9},"skip":true}]}},"code":["/* istanbul instrument in package npmtest_native_dns */","/*jslint","    bitwise: true,","    browser: true,","    maxerr: 8,","    maxlen: 96,","    node: true,","    nomen: true,","    regexp: true,","    stupid: true","*/","(function () {","    'use strict';","    var local;","","","","    // run shared js-env code - pre-init","    (function () {","        // init local","        local = {};","        // init modeJs","        local.modeJs = (function () {","            try {","                return typeof navigator.userAgent === 'string' &&","                    typeof document.querySelector('body') === 'object' &&","                    typeof XMLHttpRequest.prototype.open === 'function' &&","                    'browser';","            } catch (errorCaughtBrowser) {","                return module.exports &&","                    typeof process.versions.node === 'string' &&","                    typeof require('http').createServer === 'function' &&","                    'node';","            }","        }());","        // init global","        local.global = local.modeJs === 'browser'","            ? window","            : global;","        switch (local.modeJs) {","        // re-init local from window.local","        case 'browser':","            local = local.global.utility2.objectSetDefault(","                local.global.utility2_rollup || local.global.local,","                local.global.utility2","            );","            break;","        // re-init local from example.js","        case 'node':","            local = (local.global.utility2_rollup || require('utility2'))","                .requireReadme();","            break;","        }","        // export local","        local.global.local = local;","    }());","","","","    // run shared js-env code - function","    (function () {","        return;","    }());","    switch (local.modeJs) {","","","","    // run browser js-env code - function","    case 'browser':","        break;","","","","    // run node js-env code - function","    case 'node':","        break;","    }","","","","    // run shared js-env code - post-init","    (function () {","        return;","    }());","    switch (local.modeJs) {","","","","    // run browser js-env code - post-init","    case 'browser':","        local.testCase_browser_nullCase = local.testCase_browser_nullCase || function (","            options,","            onError","        ) {","        /*","         * this function will test browsers's null-case handling-behavior-behavior","         */","            onError(null, options);","        };","","        // run tests","        local.nop(local.modeTest &&","            document.querySelector('#testRunButton1') &&","            document.querySelector('#testRunButton1').click());","        break;","","","","    // run node js-env code - post-init","    /* istanbul ignore next */","    case 'node':","        local.testCase_buildApidoc_default = local.testCase_buildApidoc_default || function (","            options,","            onError","        ) {","        /*","         * this function will test buildApidoc's default handling-behavior-behavior","         */","            options = { modulePathList: module.paths };","            local.buildApidoc(options, onError);","        };","","        local.testCase_buildApp_default = local.testCase_buildApp_default || function (","            options,","            onError","        ) {","        /*","         * this function will test buildApp's default handling-behavior-behavior","         */","            local.testCase_buildReadme_default(options, local.onErrorThrow);","            local.testCase_buildLib_default(options, local.onErrorThrow);","            local.testCase_buildTest_default(options, local.onErrorThrow);","            local.testCase_buildCustomOrg_default(options, local.onErrorThrow);","            options = [];","            local.buildApp(options, onError);","        };","","        local.testCase_buildCustomOrg_default = local.testCase_buildCustomOrg_default ||","            function (options, onError) {","            /*","             * this function will test buildCustomOrg's default handling-behavior","             */","                options = {};","                local.buildCustomOrg(options, onError);","            };","","        local.testCase_buildLib_default = local.testCase_buildLib_default || function (","            options,","            onError","        ) {","        /*","         * this function will test buildLib's default handling-behavior","         */","            options = {};","            local.buildLib(options, onError);","        };","","        local.testCase_buildReadme_default = local.testCase_buildReadme_default || function (","            options,","            onError","        ) {","        /*","         * this function will test buildReadme's default handling-behavior-behavior","         */","            options = {};","            local.buildReadme(options, onError);","        };","","        local.testCase_buildTest_default = local.testCase_buildTest_default || function (","            options,","            onError","        ) {","        /*","         * this function will test buildTest's default handling-behavior","         */","            options = {};","            local.buildTest(options, onError);","        };","","        local.testCase_webpage_default = local.testCase_webpage_default || function (","            options,","            onError","        ) {","        /*","         * this function will test webpage's default handling-behavior","         */","            options = { modeCoverageMerge: true, url: local.serverLocalHost + '?modeTest=1' };","            local.browserTest(options, onError);","        };","","        // run test-server","        local.testRunServer(local);","        break;","    }","}());",""],"l":{"12":2,"14":2,"19":2,"21":2,"23":2,"24":2,"25":2,"30":1,"37":2,"40":2,"43":1,"47":1,"50":1,"52":1,"55":2,"61":2,"62":2,"64":2,"70":1,"76":1,"82":2,"83":2,"85":2,"91":1,"98":1,"102":1,"105":1,"112":1,"119":1,"120":1,"123":1,"130":1,"131":1,"132":1,"133":1,"134":1,"135":1,"138":1,"143":2,"144":2,"147":1,"154":2,"155":2,"158":1,"165":2,"166":2,"169":1,"176":2,"177":2,"180":1,"187":1,"188":1,"192":1,"193":1}},"/home/travis/build/npmtest/node-npmtest-native-dns/lib.npmtest_native_dns.js":{"path":"/home/travis/build/npmtest/node-npmtest-native-dns/lib.npmtest_native_dns.js","s":{"1":2,"2":2,"3":2,"4":2,"5":2,"6":2,"7":2,"8":1,"9":2,"10":2,"11":2,"12":2,"13":1,"14":1,"15":1,"16":1},"b":{"1":[2,1,1,1],"2":[1,1,1,1],"3":[1,1],"4":[2,2],"5":[1,1]},"f":{"1":2,"2":2,"3":2},"fnMap":{"1":{"name":"(anonymous_1)","line":12,"loc":{"start":{"line":12,"column":1},"end":{"line":12,"column":13}}},"2":{"name":"(anonymous_2)","line":19,"loc":{"start":{"line":19,"column":5},"end":{"line":19,"column":17}}},"3":{"name":"(anonymous_3)","line":23,"loc":{"start":{"line":23,"column":24},"end":{"line":23,"column":36}}}},"statementMap":{"1":{"start":{"line":12,"column":0},"end":{"line":53,"column":5}},"2":{"start":{"line":14,"column":4},"end":{"line":14,"column":14}},"3":{"start":{"line":19,"column":4},"end":{"line":52,"column":9}},"4":{"start":{"line":21,"column":8},"end":{"line":21,"column":19}},"5":{"start":{"line":23,"column":8},"end":{"line":35,"column":13}},"6":{"start":{"line":24,"column":12},"end":{"line":34,"column":13}},"7":{"start":{"line":25,"column":16},"end":{"line":28,"column":30}},"8":{"start":{"line":30,"column":16},"end":{"line":33,"column":27}},"9":{"start":{"line":37,"column":8},"end":{"line":39,"column":21}},"10":{"start":{"line":41,"column":8},"end":{"line":41,"column":54}},"11":{"start":{"line":43,"column":8},"end":{"line":43,"column":55}},"12":{"start":{"line":45,"column":8},"end":{"line":51,"column":9}},"13":{"start":{"line":46,"column":12},"end":{"line":46,"column":61}},"14":{"start":{"line":48,"column":12},"end":{"line":48,"column":35}},"15":{"start":{"line":49,"column":12},"end":{"line":49,"column":49}},"16":{"start":{"line":50,"column":12},"end":{"line":50,"column":43}}},"branchMap":{"1":{"line":25,"type":"binary-expr","locations":[{"start":{"line":25,"column":23},"end":{"line":25,"column":62}},{"start":{"line":26,"column":20},"end":{"line":26,"column":70}},{"start":{"line":27,"column":20},"end":{"line":27,"column":71}},{"start":{"line":28,"column":20},"end":{"line":28,"column":29}}]},"2":{"line":30,"type":"binary-expr","locations":[{"start":{"line":30,"column":23},"end":{"line":30,"column":37}},{"start":{"line":31,"column":20},"end":{"line":31,"column":61}},{"start":{"line":32,"column":20},"end":{"line":32,"column":70}},{"start":{"line":33,"column":20},"end":{"line":33,"column":26}}]},"3":{"line":37,"type":"cond-expr","locations":[{"start":{"line":38,"column":14},"end":{"line":38,"column":20}},{"start":{"line":39,"column":14},"end":{"line":39,"column":20}}]},"4":{"line":41,"type":"binary-expr","locations":[{"start":{"line":41,"column":16},"end":{"line":41,"column":44}},{"start":{"line":41,"column":48},"end":{"line":41,"column":53}}]},"5":{"line":45,"type":"if","locations":[{"start":{"line":45,"column":8},"end":{"line":45,"column":8}},{"start":{"line":45,"column":8},"end":{"line":45,"column":8}}]}},"code":["/* istanbul instrument in package npmtest_native_dns */","/*jslint","    bitwise: true,","    browser: true,","    maxerr: 8,","    maxlen: 96,","    node: true,","    nomen: true,","    regexp: true,","    stupid: true","*/","(function () {","    'use strict';","    var local;","","","","    // run shared js-env code - pre-init","    (function () {","        // init local","        local = {};","        // init modeJs","        local.modeJs = (function () {","            try {","                return typeof navigator.userAgent === 'string' &&","                    typeof document.querySelector('body') === 'object' &&","                    typeof XMLHttpRequest.prototype.open === 'function' &&","                    'browser';","            } catch (errorCaughtBrowser) {","                return module.exports &&","                    typeof process.versions.node === 'string' &&","                    typeof require('http').createServer === 'function' &&","                    'node';","            }","        }());","        // init global","        local.global = local.modeJs === 'browser'","            ? window","            : global;","        // init utility2_rollup","        local = local.global.utility2_rollup || local;","        // init lib","        local.local = local.npmtest_native_dns = local;","        // init exports","        if (local.modeJs === 'browser') {","            local.global.utility2_npmtest_native_dns = local;","        } else {","            module.exports = local;","            module.exports.__dirname = __dirname;","            module.exports.module = module;","        }","    }());","}());",""],"l":{"12":2,"14":2,"19":2,"21":2,"23":2,"24":2,"25":2,"30":1,"37":2,"41":2,"43":2,"45":2,"46":1,"48":1,"49":1,"50":1}},"/home/travis/build/npmtest/node-npmtest-native-dns/example.js":{"path":"/home/travis/build/npmtest/node-npmtest-native-dns/example.js","s":{"1":2,"2":2,"3":2,"4":2,"5":2,"6":2,"7":2,"8":1,"9":2,"10":2,"11":2,"12":2,"13":1,"14":2,"15":2,"16":2,"17":2,"18":2,"19":0,"20":2,"21":1,"22":1,"23":1,"24":1,"25":1,"26":0,"27":0,"28":1,"29":1,"30":2,"31":0,"32":0,"33":0,"34":1,"35":2,"36":2,"37":3,"38":3,"39":3,"40":3,"41":0,"42":3,"43":3,"44":3,"45":1,"46":3,"47":1,"48":1,"49":1,"50":1,"51":1,"52":1,"53":1,"54":1,"55":1,"56":1,"57":0,"58":1,"59":6,"60":6,"61":1,"62":2,"63":0,"64":2,"65":1,"66":1,"67":0,"68":0,"69":0,"70":0,"71":0,"72":0,"73":0,"74":0,"75":0,"76":0,"77":0,"78":0,"79":0,"80":0,"81":0,"82":0,"83":0},"b":{"1":[2,1,1,1],"2":[1,1,1,1],"3":[1,1],"4":[2,2],"5":[1,1],"6":[1,1],"7":[2,0],"8":[2,1,1,1,1,1],"9":[0,2,0],"10":[1,1],"11":[2,1,1],"12":[1,0],"13":[0,2],"14":[2,0,0,0,0,0,0],"15":[0,3],"16":[3,0],"17":[1,1],"18":[0,1],"19":[1,2,0,2],"20":[1,0],"21":[1,1],"22":[0,0],"23":[0,0],"24":[0,0],"25":[0,0],"26":[0,0],"27":[0,0],"28":[0,0]},"f":{"1":2,"2":2,"3":2,"4":2,"5":2,"6":2,"7":3,"8":3,"9":3,"10":1,"11":6,"12":0},"fnMap":{"1":{"name":"(anonymous_1)","line":26,"loc":{"start":{"line":26,"column":1},"end":{"line":26,"column":13}}},"2":{"name":"(anonymous_2)","line":33,"loc":{"start":{"line":33,"column":5},"end":{"line":33,"column":17}}},"3":{"name":"(anonymous_3)","line":37,"loc":{"start":{"line":37,"column":24},"end":{"line":37,"column":36}}},"4":{"name":"(anonymous_4)","line":69,"loc":{"start":{"line":69,"column":31},"end":{"line":69,"column":48}},"skip":true},"5":{"name":"(anonymous_5)","line":78,"loc":{"start":{"line":78,"column":26},"end":{"line":78,"column":45}},"skip":true},"6":{"name":"(anonymous_6)","line":123,"loc":{"start":{"line":123,"column":33},"end":{"line":123,"column":48}},"skip":true},"7":{"name":"(anonymous_7)","line":125,"loc":{"start":{"line":125,"column":27},"end":{"line":125,"column":39}},"skip":true},"8":{"name":"(anonymous_8)","line":133,"loc":{"start":{"line":133,"column":59},"end":{"line":133,"column":74}},"skip":true},"9":{"name":"(anonymous_9)","line":143,"loc":{"start":{"line":143,"column":45},"end":{"line":143,"column":62}},"skip":true},"10":{"name":"(anonymous_10)","line":144,"loc":{"start":{"line":144,"column":73},"end":{"line":144,"column":92}},"skip":true},"11":{"name":"(anonymous_11)","line":272,"loc":{"start":{"line":272,"column":51},"end":{"line":272,"column":77}},"skip":true},"12":{"name":"(anonymous_12)","line":315,"loc":{"start":{"line":315,"column":32},"end":{"line":315,"column":61}},"skip":true}},"statementMap":{"1":{"start":{"line":26,"column":0},"end":{"line":326,"column":5}},"2":{"start":{"line":28,"column":4},"end":{"line":28,"column":14}},"3":{"start":{"line":33,"column":4},"end":{"line":60,"column":9}},"4":{"start":{"line":35,"column":8},"end":{"line":35,"column":19}},"5":{"start":{"line":37,"column":8},"end":{"line":49,"column":13}},"6":{"start":{"line":38,"column":12},"end":{"line":48,"column":13}},"7":{"start":{"line":39,"column":16},"end":{"line":42,"column":30}},"8":{"start":{"line":44,"column":16},"end":{"line":47,"column":27}},"9":{"start":{"line":51,"column":8},"end":{"line":53,"column":21}},"10":{"start":{"line":55,"column":8},"end":{"line":57,"column":45}},"11":{"start":{"line":59,"column":8},"end":{"line":59,"column":35}},"12":{"start":{"line":61,"column":4},"end":{"line":325,"column":5}},"13":{"start":{"line":69,"column":8},"end":{"line":121,"column":10},"skip":true},"14":{"start":{"line":70,"column":12},"end":{"line":88,"column":13},"skip":true},"15":{"start":{"line":76,"column":16},"end":{"line":87,"column":19},"skip":true},"16":{"start":{"line":79,"column":20},"end":{"line":86,"column":21},"skip":true},"17":{"start":{"line":82,"column":24},"end":{"line":82,"column":43},"skip":true},"18":{"start":{"line":83,"column":24},"end":{"line":83,"column":30},"skip":true},"19":{"start":{"line":85,"column":24},"end":{"line":85,"column":49},"skip":true},"20":{"start":{"line":89,"column":12},"end":{"line":107,"column":13},"skip":true},"21":{"start":{"line":92,"column":16},"end":{"line":102,"column":17},"skip":true},"22":{"start":{"line":93,"column":20},"end":{"line":93,"column":86},"skip":true},"23":{"start":{"line":94,"column":20},"end":{"line":95,"column":45},"skip":true},"24":{"start":{"line":96,"column":20},"end":{"line":96,"column":42},"skip":true},"25":{"start":{"line":97,"column":20},"end":{"line":97,"column":48},"skip":true},"26":{"start":{"line":100,"column":20},"end":{"line":100,"column":85},"skip":true},"27":{"start":{"line":101,"column":20},"end":{"line":101,"column":96},"skip":true},"28":{"start":{"line":103,"column":16},"end":{"line":103,"column":22},"skip":true},"29":{"start":{"line":106,"column":16},"end":{"line":106,"column":22},"skip":true},"30":{"start":{"line":108,"column":12},"end":{"line":120,"column":13},"skip":true},"31":{"start":{"line":114,"column":16},"end":{"line":119,"column":17},"skip":true},"32":{"start":{"line":116,"column":20},"end":{"line":116,"column":78},"skip":true},"33":{"start":{"line":118,"column":20},"end":{"line":118,"column":47},"skip":true},"34":{"start":{"line":123,"column":8},"end":{"line":141,"column":11},"skip":true},"35":{"start":{"line":124,"column":12},"end":{"line":124,"column":54},"skip":true},"36":{"start":{"line":125,"column":12},"end":{"line":140,"column":14},"skip":true},"37":{"start":{"line":126,"column":16},"end":{"line":126,"column":28},"skip":true},"38":{"start":{"line":127,"column":16},"end":{"line":127,"column":69},"skip":true},"39":{"start":{"line":128,"column":16},"end":{"line":128,"column":75},"skip":true},"40":{"start":{"line":129,"column":16},"end":{"line":131,"column":17},"skip":true},"41":{"start":{"line":130,"column":20},"end":{"line":130,"column":27},"skip":true},"42":{"start":{"line":133,"column":16},"end":{"line":137,"column":36},"skip":true},"43":{"start":{"line":134,"column":20},"end":{"line":136,"column":55},"skip":true},"44":{"start":{"line":139,"column":16},"end":{"line":139,"column":57},"skip":true},"45":{"start":{"line":143,"column":8},"end":{"line":147,"column":11},"skip":true},"46":{"start":{"line":144,"column":12},"end":{"line":146,"column":15},"skip":true},"47":{"start":{"line":145,"column":16},"end":{"line":145,"column":70},"skip":true},"48":{"start":{"line":149,"column":8},"end":{"line":149,"column":31},"skip":true},"49":{"start":{"line":150,"column":8},"end":{"line":150,"column":14},"skip":true},"50":{"start":{"line":158,"column":8},"end":{"line":158,"column":31},"skip":true},"51":{"start":{"line":160,"column":8},"end":{"line":160,"column":33},"skip":true},"52":{"start":{"line":161,"column":8},"end":{"line":161,"column":37},"skip":true},"53":{"start":{"line":162,"column":8},"end":{"line":162,"column":35},"skip":true},"54":{"start":{"line":164,"column":8},"end":{"line":164,"column":50},"skip":true},"55":{"start":{"line":166,"column":8},"end":{"line":256,"column":2},"skip":true},"56":{"start":{"line":258,"column":8},"end":{"line":286,"column":9},"skip":true},"57":{"start":{"line":259,"column":12},"end":{"line":269,"column":14},"skip":true},"58":{"start":{"line":271,"column":12},"end":{"line":285,"column":19},"skip":true},"59":{"start":{"line":274,"column":20},"end":{"line":274,"column":35},"skip":true},"60":{"start":{"line":275,"column":20},"end":{"line":284,"column":21},"skip":true},"61":{"start":{"line":277,"column":24},"end":{"line":277,"column":64},"skip":true},"62":{"start":{"line":279,"column":24},"end":{"line":279,"column":40},"skip":true},"63":{"start":{"line":281,"column":24},"end":{"line":281,"column":40},"skip":true},"64":{"start":{"line":283,"column":24},"end":{"line":283,"column":39},"skip":true},"65":{"start":{"line":288,"column":8},"end":{"line":290,"column":9},"skip":true},"66":{"start":{"line":289,"column":12},"end":{"line":289,"column":18},"skip":true},"67":{"start":{"line":291,"column":8},"end":{"line":293,"column":54},"skip":true},"68":{"start":{"line":296,"column":8},"end":{"line":301,"column":37},"skip":true},"69":{"start":{"line":303,"column":8},"end":{"line":303,"column":82},"skip":true},"70":{"start":{"line":306,"column":8},"end":{"line":308,"column":9},"skip":true},"71":{"start":{"line":307,"column":12},"end":{"line":307,"column":82},"skip":true},"72":{"start":{"line":310,"column":8},"end":{"line":312,"column":9},"skip":true},"73":{"start":{"line":311,"column":12},"end":{"line":311,"column":18},"skip":true},"74":{"start":{"line":313,"column":8},"end":{"line":313,"column":54},"skip":true},"75":{"start":{"line":314,"column":8},"end":{"line":314,"column":69},"skip":true},"76":{"start":{"line":315,"column":8},"end":{"line":323,"column":36},"skip":true},"77":{"start":{"line":316,"column":12},"end":{"line":316,"column":61},"skip":true},"78":{"start":{"line":317,"column":12},"end":{"line":320,"column":13},"skip":true},"79":{"start":{"line":318,"column":16},"end":{"line":318,"column":75},"skip":true},"80":{"start":{"line":319,"column":16},"end":{"line":319,"column":23},"skip":true},"81":{"start":{"line":321,"column":12},"end":{"line":321,"column":38},"skip":true},"82":{"start":{"line":322,"column":12},"end":{"line":322,"column":27},"skip":true},"83":{"start":{"line":324,"column":8},"end":{"line":324,"column":14},"skip":true}},"branchMap":{"1":{"line":39,"type":"binary-expr","locations":[{"start":{"line":39,"column":23},"end":{"line":39,"column":62}},{"start":{"line":40,"column":20},"end":{"line":40,"column":70}},{"start":{"line":41,"column":20},"end":{"line":41,"column":71}},{"start":{"line":42,"column":20},"end":{"line":42,"column":29}}]},"2":{"line":44,"type":"binary-expr","locations":[{"start":{"line":44,"column":23},"end":{"line":44,"column":37}},{"start":{"line":45,"column":20},"end":{"line":45,"column":61}},{"start":{"line":46,"column":20},"end":{"line":46,"column":70}},{"start":{"line":47,"column":20},"end":{"line":47,"column":26}}]},"3":{"line":51,"type":"cond-expr","locations":[{"start":{"line":52,"column":14},"end":{"line":52,"column":20}},{"start":{"line":53,"column":14},"end":{"line":53,"column":20}}]},"4":{"line":55,"type":"binary-expr","locations":[{"start":{"line":55,"column":16},"end":{"line":55,"column":44}},{"start":{"line":55,"column":49},"end":{"line":57,"column":43}}]},"5":{"line":55,"type":"cond-expr","locations":[{"start":{"line":56,"column":14},"end":{"line":56,"column":54}},{"start":{"line":57,"column":14},"end":{"line":57,"column":43}}]},"6":{"line":61,"type":"switch","locations":[{"start":{"line":68,"column":4},"end":{"line":150,"column":14},"skip":true},{"start":{"line":156,"column":4},"end":{"line":324,"column":14},"skip":true}]},"7":{"line":70,"type":"if","locations":[{"start":{"line":70,"column":12},"end":{"line":70,"column":12},"skip":true},{"start":{"line":70,"column":12},"end":{"line":70,"column":12},"skip":true}]},"8":{"line":70,"type":"binary-expr","locations":[{"start":{"line":70,"column":16},"end":{"line":70,"column":22},"skip":true},{"start":{"line":70,"column":27},"end":{"line":70,"column":32},"skip":true},{"start":{"line":71,"column":20},"end":{"line":71,"column":39},"skip":true},{"start":{"line":72,"column":20},"end":{"line":72,"column":49},"skip":true},{"start":{"line":73,"column":20},"end":{"line":73,"column":58},"skip":true},{"start":{"line":74,"column":20},"end":{"line":74,"column":69},"skip":true}]},"9":{"line":79,"type":"switch","locations":[{"start":{"line":80,"column":20},"end":{"line":80,"column":33},"skip":true},{"start":{"line":81,"column":20},"end":{"line":83,"column":30},"skip":true},{"start":{"line":84,"column":20},"end":{"line":85,"column":49},"skip":true}]},"10":{"line":89,"type":"switch","locations":[{"start":{"line":90,"column":12},"end":{"line":103,"column":22},"skip":true},{"start":{"line":105,"column":12},"end":{"line":106,"column":22},"skip":true}]},"11":{"line":89,"type":"binary-expr","locations":[{"start":{"line":89,"column":20},"end":{"line":89,"column":25},"skip":true},{"start":{"line":89,"column":29},"end":{"line":89,"column":48},"skip":true},{"start":{"line":89,"column":52},"end":{"line":89,"column":74},"skip":true}]},"12":{"line":92,"type":"if","locations":[{"start":{"line":92,"column":16},"end":{"line":92,"column":16},"skip":true},{"start":{"line":92,"column":16},"end":{"line":92,"column":16},"skip":true}]},"13":{"line":108,"type":"if","locations":[{"start":{"line":108,"column":12},"end":{"line":108,"column":12},"skip":true},{"start":{"line":108,"column":12},"end":{"line":108,"column":12},"skip":true}]},"14":{"line":108,"type":"binary-expr","locations":[{"start":{"line":108,"column":16},"end":{"line":108,"column":61},"skip":true},{"start":{"line":108,"column":66},"end":{"line":108,"column":72},"skip":true},{"start":{"line":108,"column":77},"end":{"line":108,"column":82},"skip":true},{"start":{"line":109,"column":20},"end":{"line":109,"column":39},"skip":true},{"start":{"line":110,"column":20},"end":{"line":110,"column":49},"skip":true},{"start":{"line":111,"column":20},"end":{"line":111,"column":58},"skip":true},{"start":{"line":112,"column":20},"end":{"line":112,"column":68},"skip":true}]},"15":{"line":129,"type":"if","locations":[{"start":{"line":129,"column":16},"end":{"line":129,"column":16},"skip":true},{"start":{"line":129,"column":16},"end":{"line":129,"column":16},"skip":true}]},"16":{"line":134,"type":"cond-expr","locations":[{"start":{"line":135,"column":26},"end":{"line":135,"column":29},"skip":true},{"start":{"line":136,"column":26},"end":{"line":136,"column":54},"skip":true}]},"17":{"line":164,"type":"binary-expr","locations":[{"start":{"line":164,"column":27},"end":{"line":164,"column":43},"skip":true},{"start":{"line":164,"column":47},"end":{"line":164,"column":49},"skip":true}]},"18":{"line":258,"type":"if","locations":[{"start":{"line":258,"column":8},"end":{"line":258,"column":8},"skip":true},{"start":{"line":258,"column":8},"end":{"line":258,"column":8},"skip":true}]},"19":{"line":275,"type":"switch","locations":[{"start":{"line":276,"column":20},"end":{"line":277,"column":64},"skip":true},{"start":{"line":278,"column":20},"end":{"line":279,"column":40},"skip":true},{"start":{"line":280,"column":20},"end":{"line":281,"column":40},"skip":true},{"start":{"line":282,"column":20},"end":{"line":283,"column":39},"skip":true}]},"20":{"line":288,"type":"if","locations":[{"start":{"line":288,"column":8},"end":{"line":288,"column":8},"skip":true},{"start":{"line":288,"column":8},"end":{"line":288,"column":8},"skip":true}]},"21":{"line":288,"type":"binary-expr","locations":[{"start":{"line":288,"column":12},"end":{"line":288,"column":40},"skip":true},{"start":{"line":288,"column":44},"end":{"line":288,"column":67},"skip":true}]},"22":{"line":292,"type":"binary-expr","locations":[{"start":{"line":292,"column":12},"end":{"line":292,"column":50},"skip":true},{"start":{"line":293,"column":12},"end":{"line":293,"column":53},"skip":true}]},"23":{"line":297,"type":"binary-expr","locations":[{"start":{"line":297,"column":12},"end":{"line":297,"column":68},"skip":true},{"start":{"line":298,"column":12},"end":{"line":301,"column":36},"skip":true}]},"24":{"line":303,"type":"binary-expr","locations":[{"start":{"line":303,"column":43},"end":{"line":303,"column":75},"skip":true},{"start":{"line":303,"column":79},"end":{"line":303,"column":81},"skip":true}]},"25":{"line":306,"type":"if","locations":[{"start":{"line":306,"column":8},"end":{"line":306,"column":8},"skip":true},{"start":{"line":306,"column":8},"end":{"line":306,"column":8},"skip":true}]},"26":{"line":310,"type":"if","locations":[{"start":{"line":310,"column":8},"end":{"line":310,"column":8},"skip":true},{"start":{"line":310,"column":8},"end":{"line":310,"column":8},"skip":true}]},"27":{"line":313,"type":"binary-expr","locations":[{"start":{"line":313,"column":27},"end":{"line":313,"column":43},"skip":true},{"start":{"line":313,"column":47},"end":{"line":313,"column":53},"skip":true}]},"28":{"line":317,"type":"if","locations":[{"start":{"line":317,"column":12},"end":{"line":317,"column":12},"skip":true},{"start":{"line":317,"column":12},"end":{"line":317,"column":12},"skip":true}]}},"code":["/*","example.js","","quickstart example","","instruction","    1. save this script as example.js","    2. run the shell command:","        $ npm install npmtest-native-dns && PORT=8081 node example.js","    3. play with the browser-demo on http://127.0.0.1:8081","*/","","","","/* istanbul instrument in package npmtest_native_dns */","/*jslint","    bitwise: true,","    browser: true,","    maxerr: 8,","    maxlen: 96,","    node: true,","    nomen: true,","    regexp: true,","    stupid: true","*/","(function () {","    'use strict';","    var local;","","","","    // run shared js-env code - pre-init","    (function () {","        // init local","        local = {};","        // init modeJs","        local.modeJs = (function () {","            try {","                return typeof navigator.userAgent === 'string' &&","                    typeof document.querySelector('body') === 'object' &&","                    typeof XMLHttpRequest.prototype.open === 'function' &&","                    'browser';","            } catch (errorCaughtBrowser) {","                return module.exports &&","                    typeof process.versions.node === 'string' &&","                    typeof require('http').createServer === 'function' &&","                    'node';","            }","        }());","        // init global","        local.global = local.modeJs === 'browser'","            ? window","            : global;","        // init utility2_rollup","        local = local.global.utility2_rollup || (local.modeJs === 'browser'","            ? local.global.utility2_npmtest_native_dns","            : global.utility2_moduleExports);","        // export local","        local.global.local = local;","    }());","    switch (local.modeJs) {","","","","    // post-init","    // run browser js-env code - post-init","    /* istanbul ignore next */","    case 'browser':","        local.testRunBrowser = function (event) {","            if (!event || (event &&","                    event.currentTarget &&","                    event.currentTarget.className &&","                    event.currentTarget.className.includes &&","                    event.currentTarget.className.includes('onreset'))) {","                // reset output","                Array.from(","                    document.querySelectorAll('body > .resettable')","                ).forEach(function (element) {","                    switch (element.tagName) {","                    case 'INPUT':","                    case 'TEXTAREA':","                        element.value = '';","                        break;","                    default:","                        element.textContent = '';","                    }","                });","            }","            switch (event && event.currentTarget && event.currentTarget.id) {","            case 'testRunButton1':","                // show tests","                if (document.querySelector('#testReportDiv1').style.display === 'none') {","                    document.querySelector('#testReportDiv1').style.display = 'block';","                    document.querySelector('#testRunButton1').textContent =","                        'hide internal test';","                    local.modeTest = true;","                    local.testRunDefault(local);","                // hide tests","                } else {","                    document.querySelector('#testReportDiv1').style.display = 'none';","                    document.querySelector('#testRunButton1').textContent = 'run internal test';","                }","                break;","            // custom-case","            default:","                break;","            }","            if (document.querySelector('#inputTextareaEval1') && (!event || (event &&","                    event.currentTarget &&","                    event.currentTarget.className &&","                    event.currentTarget.className.includes &&","                    event.currentTarget.className.includes('oneval')))) {","                // try to eval input-code","                try {","                    /*jslint evil: true*/","                    eval(document.querySelector('#inputTextareaEval1').value);","                } catch (errorCaught) {","                    console.error(errorCaught);","                }","            }","        };","        // log stderr and stdout to #outputTextareaStdout1","        ['error', 'log'].forEach(function (key) {","            console[key + '_original'] = console[key];","            console[key] = function () {","                var element;","                console[key + '_original'].apply(console, arguments);","                element = document.querySelector('#outputTextareaStdout1');","                if (!element) {","                    return;","                }","                // append text to #outputTextareaStdout1","                element.value += Array.from(arguments).map(function (arg) {","                    return typeof arg === 'string'","                        ? arg","                        : JSON.stringify(arg, null, 4);","                }).join(' ') + '\\n';","                // scroll textarea to bottom","                element.scrollTop = element.scrollHeight;","            };","        });","        // init event-handling","        ['change', 'click', 'keyup'].forEach(function (event) {","            Array.from(document.querySelectorAll('.on' + event)).forEach(function (element) {","                element.addEventListener(event, local.testRunBrowser);","            });","        });","        // run tests","        local.testRunBrowser();","        break;","","","","    // run node js-env code - post-init","    /* istanbul ignore next */","    case 'node':","        // export local","        module.exports = local;","        // require modules","        local.fs = require('fs');","        local.http = require('http');","        local.url = require('url');","        // init assets","        local.assetsDict = local.assetsDict || {};","        /* jslint-ignore-begin */","        local.assetsDict['/assets.index.template.html'] = '\\","<!doctype html>\\n\\","<html lang=\"en\">\\n\\","<head>\\n\\","<meta charset=\"UTF-8\">\\n\\","<meta name=\"viewport\" content=\"width=device-width, initial-scale=1\">\\n\\","<title>{{env.npm_package_name}} (v{{env.npm_package_version}})</title>\\n\\","<style>\\n\\","/*csslint\\n\\","    box-sizing: false,\\n\\","    universal-selector: false\\n\\","*/\\n\\","* {\\n\\","    box-sizing: border-box;\\n\\","}\\n\\","body {\\n\\","    background: #dde;\\n\\","    font-family: Arial, Helvetica, sans-serif;\\n\\","    margin: 2rem;\\n\\","}\\n\\","body > * {\\n\\","    margin-bottom: 1rem;\\n\\","}\\n\\",".utility2FooterDiv {\\n\\","    margin-top: 20px;\\n\\","    text-align: center;\\n\\","}\\n\\","</style>\\n\\","<style>\\n\\","/*csslint\\n\\","*/\\n\\","textarea {\\n\\","    font-family: monospace;\\n\\","    height: 10rem;\\n\\","    width: 100%;\\n\\","}\\n\\","textarea[readonly] {\\n\\","    background: #ddd;\\n\\","}\\n\\","</style>\\n\\","</head>\\n\\","<body>\\n\\","<!-- utility2-comment\\n\\","<div id=\"ajaxProgressDiv1\" style=\"background: #d00; height: 2px; left: 0; margin: 0; padding: 0; position: fixed; top: 0; transition: background 0.5s, width 1.5s; width: 25%;\"></div>\\n\\","utility2-comment -->\\n\\","<h1>\\n\\","<!-- utility2-comment\\n\\","    <a\\n\\","        {{#if env.npm_package_homepage}}\\n\\","        href=\"{{env.npm_package_homepage}}\"\\n\\","        {{/if env.npm_package_homepage}}\\n\\","        target=\"_blank\"\\n\\","    >\\n\\","utility2-comment -->\\n\\","        {{env.npm_package_name}} (v{{env.npm_package_version}})\\n\\","<!-- utility2-comment\\n\\","    </a>\\n\\","utility2-comment -->\\n\\","</h1>\\n\\","<h3>{{env.npm_package_description}}</h3>\\n\\","<!-- utility2-comment\\n\\","<h4><a download href=\"assets.app.js\">download standalone app</a></h4>\\n\\","<button class=\"onclick onreset\" id=\"testRunButton1\">run internal test</button><br>\\n\\","<div id=\"testReportDiv1\" style=\"display: none;\"></div>\\n\\","utility2-comment -->\\n\\","\\n\\","\\n\\","\\n\\","<label>stderr and stdout</label>\\n\\","<textarea class=\"resettable\" id=\"outputTextareaStdout1\" readonly></textarea>\\n\\","<!-- utility2-comment\\n\\","{{#if isRollup}}\\n\\","<script src=\"assets.app.js\"></script>\\n\\","{{#unless isRollup}}\\n\\","utility2-comment -->\\n\\","<script src=\"assets.utility2.rollup.js\"></script>\\n\\","<script src=\"jsonp.utility2._stateInit?callback=window.utility2._stateInit\"></script>\\n\\","<script src=\"assets.npmtest_native_dns.rollup.js\"></script>\\n\\","<script src=\"assets.example.js\"></script>\\n\\","<script src=\"assets.test.js\"></script>\\n\\","<!-- utility2-comment\\n\\","{{/if isRollup}}\\n\\","utility2-comment -->\\n\\","<div class=\"utility2FooterDiv\">\\n\\","    [ this app was created with\\n\\","    <a href=\"https://github.com/kaizhu256/node-utility2\" target=\"_blank\">utility2</a>\\n\\","    ]\\n\\","</div>\\n\\","</body>\\n\\","</html>\\n\\","';","        /* jslint-ignore-end */","        if (local.templateRender) {","            local.assetsDict['/'] = local.templateRender(","                local.assetsDict['/assets.index.template.html'],","                {","                    env: local.objectSetDefault(local.env, {","                        npm_package_description: 'the greatest app in the world!',","                        npm_package_name: 'my-app',","                        npm_package_nameAlias: 'my_app',","                        npm_package_version: '0.0.1'","                    })","                }","            );","        } else {","            local.assetsDict['/'] = local.assetsDict['/assets.index.template.html']","                .replace((/\\{\\{env\\.(\\w+?)\\}\\}/g), function (match0, match1) {","                    // jslint-hack","                    String(match0);","                    switch (match1) {","                    case 'npm_package_description':","                        return 'the greatest app in the world!';","                    case 'npm_package_name':","                        return 'my-app';","                    case 'npm_package_nameAlias':","                        return 'my_app';","                    case 'npm_package_version':","                        return '0.0.1';","                    }","                });","        }","        // run the cli","        if (local.global.utility2_rollup || module !== require.main) {","            break;","        }","        local.assetsDict['/assets.example.js'] =","            local.assetsDict['/assets.example.js'] ||","            local.fs.readFileSync(__filename, 'utf8');","        // bug-workaround - long $npm_package_buildCustomOrg","        /* jslint-ignore-begin */","        local.assetsDict['/assets.npmtest_native_dns.rollup.js'] =","            local.assetsDict['/assets.npmtest_native_dns.rollup.js'] ||","            local.fs.readFileSync(","                local.npmtest_native_dns.__dirname + '/lib.npmtest_native_dns.js',","                'utf8'","            ).replace((/^#!/), '//');","        /* jslint-ignore-end */","        local.assetsDict['/favicon.ico'] = local.assetsDict['/favicon.ico'] || '';","        // if $npm_config_timeout_exit exists,","        // then exit this process after $npm_config_timeout_exit ms","        if (Number(process.env.npm_config_timeout_exit)) {","            setTimeout(process.exit, Number(process.env.npm_config_timeout_exit));","        }","        // start server","        if (local.global.utility2_serverHttp1) {","            break;","        }","        process.env.PORT = process.env.PORT || '8081';","        console.error('server starting on port ' + process.env.PORT);","        local.http.createServer(function (request, response) {","            request.urlParsed = local.url.parse(request.url);","            if (local.assetsDict[request.urlParsed.pathname] !== undefined) {","                response.end(local.assetsDict[request.urlParsed.pathname]);","                return;","            }","            response.statusCode = 404;","            response.end();","        }).listen(process.env.PORT);","        break;","    }","}());",""],"l":{"26":2,"28":2,"33":2,"35":2,"37":2,"38":2,"39":2,"44":1,"51":2,"55":2,"59":2,"61":2,"69":1,"70":2,"76":2,"79":2,"82":2,"83":2,"85":1,"89":2,"92":1,"93":1,"94":1,"96":1,"97":1,"100":1,"101":1,"103":1,"106":1,"108":2,"114":1,"116":1,"118":1,"123":1,"124":2,"125":2,"126":3,"127":3,"128":3,"129":3,"130":1,"133":3,"134":3,"139":3,"143":1,"144":3,"145":1,"149":1,"150":1,"158":1,"160":1,"161":1,"162":1,"164":1,"166":1,"258":1,"259":1,"271":1,"274":6,"275":6,"277":1,"279":2,"281":1,"283":2,"288":1,"289":1,"291":1,"296":1,"303":1,"306":1,"307":1,"310":1,"311":1,"313":1,"314":1,"315":1,"316":1,"317":1,"318":1,"319":1,"321":1,"322":1,"324":1}},"/home/travis/build/npmtest/node-npmtest-native-dns/node_modules/native-dns/dns.js":{"path":"/home/travis/build/npmtest/node-npmtest-native-dns/node_modules/native-dns/dns.js","s":{"1":1,"2":1,"3":1,"4":1,"5":1,"6":1,"7":1,"8":1,"9":1,"10":1,"11":1,"12":1,"13":1,"14":1,"15":1,"16":1,"17":1,"18":1,"19":1,"20":1,"21":1,"22":1,"23":1,"24":1,"25":1,"26":1,"27":1,"28":1,"29":1,"30":1,"31":11,"32":0,"33":0,"34":0,"35":0,"36":0,"37":0,"38":0,"39":0,"40":1,"41":0,"42":0,"43":0,"44":0,"45":0,"46":0,"47":0,"48":0,"49":0,"50":0,"51":0,"52":1},"b":{"1":[0,0],"2":[0,0],"3":[0,0],"4":[0,0],"5":[0,0],"6":[0,0],"7":[0,0],"8":[0,0],"9":[0,0],"10":[0,0]},"f":{"1":11,"2":0,"3":0,"4":0},"fnMap":{"1":{"name":"(anonymous_1)","line":68,"loc":{"start":{"line":68,"column":10},"end":{"line":68,"column":26}}},"2":{"name":"(anonymous_2)","line":69,"loc":{"start":{"line":69,"column":18},"end":{"line":69,"column":34}}},"3":{"name":"(anonymous_3)","line":74,"loc":{"start":{"line":74,"column":30},"end":{"line":74,"column":43}}},"4":{"name":"(anonymous_4)","line":83,"loc":{"start":{"line":83,"column":19},"end":{"line":83,"column":35}}}},"statementMap":{"1":{"start":{"line":23,"column":0},"end":{"line":23,"column":45}},"2":{"start":{"line":25,"column":0},"end":{"line":25,"column":60}},"3":{"start":{"line":26,"column":0},"end":{"line":26,"column":66}},"4":{"start":{"line":27,"column":0},"end":{"line":27,"column":66}},"5":{"start":{"line":29,"column":0},"end":{"line":29,"column":37}},"6":{"start":{"line":30,"column":0},"end":{"line":30,"column":31}},"7":{"start":{"line":31,"column":0},"end":{"line":31,"column":33}},"8":{"start":{"line":32,"column":0},"end":{"line":32,"column":35}},"9":{"start":{"line":33,"column":0},"end":{"line":33,"column":35}},"10":{"start":{"line":34,"column":0},"end":{"line":34,"column":37}},"11":{"start":{"line":35,"column":0},"end":{"line":35,"column":39}},"12":{"start":{"line":36,"column":0},"end":{"line":36,"column":39}},"13":{"start":{"line":37,"column":0},"end":{"line":37,"column":37}},"14":{"start":{"line":38,"column":0},"end":{"line":38,"column":43}},"15":{"start":{"line":39,"column":0},"end":{"line":39,"column":33}},"16":{"start":{"line":41,"column":0},"end":{"line":41,"column":49}},"17":{"start":{"line":42,"column":0},"end":{"line":42,"column":33}},"18":{"start":{"line":43,"column":0},"end":{"line":43,"column":33}},"19":{"start":{"line":44,"column":0},"end":{"line":44,"column":41}},"20":{"start":{"line":45,"column":0},"end":{"line":45,"column":41}},"21":{"start":{"line":46,"column":0},"end":{"line":46,"column":33}},"22":{"start":{"line":47,"column":0},"end":{"line":47,"column":33}},"23":{"start":{"line":48,"column":0},"end":{"line":48,"column":31}},"24":{"start":{"line":49,"column":0},"end":{"line":49,"column":29}},"25":{"start":{"line":50,"column":0},"end":{"line":50,"column":35}},"26":{"start":{"line":51,"column":0},"end":{"line":51,"column":31}},"27":{"start":{"line":52,"column":0},"end":{"line":52,"column":35}},"28":{"start":{"line":53,"column":0},"end":{"line":53,"column":33}},"29":{"start":{"line":54,"column":0},"end":{"line":54,"column":24}},"30":{"start":{"line":56,"column":0},"end":{"line":81,"column":3}},"31":{"start":{"line":69,"column":2},"end":{"line":80,"column":4}},"32":{"start":{"line":70,"column":4},"end":{"line":70,"column":17}},"33":{"start":{"line":71,"column":4},"end":{"line":71,"column":22}},"34":{"start":{"line":72,"column":4},"end":{"line":72,"column":40}},"35":{"start":{"line":73,"column":4},"end":{"line":73,"column":41}},"36":{"start":{"line":74,"column":4},"end":{"line":78,"column":7}},"37":{"start":{"line":75,"column":6},"end":{"line":77,"column":7}},"38":{"start":{"line":76,"column":8},"end":{"line":76,"column":25}},"39":{"start":{"line":79,"column":4},"end":{"line":79,"column":15}},"40":{"start":{"line":83,"column":0},"end":{"line":102,"column":2}},"41":{"start":{"line":84,"column":2},"end":{"line":84,"column":20}},"42":{"start":{"line":86,"column":2},"end":{"line":86,"column":20}},"43":{"start":{"line":88,"column":2},"end":{"line":88,"column":21}},"44":{"start":{"line":90,"column":2},"end":{"line":90,"column":46}},"45":{"start":{"line":91,"column":2},"end":{"line":92,"column":52}},"46":{"start":{"line":92,"column":4},"end":{"line":92,"column":52}},"47":{"start":{"line":94,"column":2},"end":{"line":95,"column":66}},"48":{"start":{"line":95,"column":4},"end":{"line":95,"column":66}},"49":{"start":{"line":97,"column":2},"end":{"line":97,"column":17}},"50":{"start":{"line":99,"column":2},"end":{"line":99,"column":51}},"51":{"start":{"line":101,"column":2},"end":{"line":101,"column":11}},"52":{"start":{"line":103,"column":0},"end":{"line":103,"column":33}}},"branchMap":{"1":{"line":71,"type":"binary-expr","locations":[{"start":{"line":71,"column":11},"end":{"line":71,"column":15}},{"start":{"line":71,"column":19},"end":{"line":71,"column":21}}]},"2":{"line":75,"type":"if","locations":[{"start":{"line":75,"column":6},"end":{"line":75,"column":6}},{"start":{"line":75,"column":6},"end":{"line":75,"column":6}}]},"3":{"line":75,"type":"binary-expr","locations":[{"start":{"line":75,"column":10},"end":{"line":75,"column":32}},{"start":{"line":75,"column":36},"end":{"line":75,"column":70}}]},"4":{"line":86,"type":"binary-expr","locations":[{"start":{"line":86,"column":9},"end":{"line":86,"column":13}},{"start":{"line":86,"column":17},"end":{"line":86,"column":19}}]},"5":{"line":90,"type":"binary-expr","locations":[{"start":{"line":90,"column":10},"end":{"line":90,"column":19}},{"start":{"line":90,"column":23},"end":{"line":90,"column":45}}]},"6":{"line":91,"type":"if","locations":[{"start":{"line":91,"column":2},"end":{"line":91,"column":2}},{"start":{"line":91,"column":2},"end":{"line":91,"column":2}}]},"7":{"line":91,"type":"binary-expr","locations":[{"start":{"line":91,"column":6},"end":{"line":91,"column":32}},{"start":{"line":91,"column":36},"end":{"line":91,"column":59}}]},"8":{"line":94,"type":"if","locations":[{"start":{"line":94,"column":2},"end":{"line":94,"column":2}},{"start":{"line":94,"column":2},"end":{"line":94,"column":2}}]},"9":{"line":94,"type":"binary-expr","locations":[{"start":{"line":94,"column":6},"end":{"line":94,"column":12}},{"start":{"line":94,"column":16},"end":{"line":94,"column":42}}]},"10":{"line":99,"type":"binary-expr","locations":[{"start":{"line":99,"column":12},"end":{"line":99,"column":22}},{"start":{"line":99,"column":26},"end":{"line":99,"column":50}}]}},"code":["// Copyright 2011 Timothy J Fontaine <tjfontaine@gmail.com>","//","// Permission is hereby granted, free of charge, to any person obtaining a copy","// of this software and associated documentation files (the \"Software\"), to deal","// in the Software without restriction, including without limitation the rights","// to use, copy, modify, merge, publish, distribute, sublicense, and/or sell","// copies of the Software, and to permit persons to whom the Software is","// furnished to do so, subject to the following conditions:","//","// The above copyright notice and this permission notice shall be included in","// all copies or substantial portions of the Software.","//","// THE SOFTWARE IS PROVIDED \"AS IS\", WITHOUT WARRANTY OF ANY KIND, EXPRESS OR","// IMPLIED, INCLUDING BUT NOT LIMITED TO THE WARRANTIES OF MERCHANTABILITY,","// FITNESS FOR A PARTICULAR PURPOSE AND NONINFRINGEMENT. IN NO EVENT SHALL THE","// AUTHORS OR COPYRIGHT HOLDERS BE LIABLE FOR ANY CLAIM, DAMAGES OR OTHER","// LIABILITY, WHETHER IN AN ACTION OF CONTRACT, TORT OR OTHERWISE, ARISING FROM,","// OUT OF OR IN CONNECTION WITH THE SOFTWARE OR THE USE OR OTHER DEALINGS IN","// THE SOFTWARE","","\"use strict\";","","exports.platform = require('./lib/platform');","","exports.createServer = require('./lib/server').createServer;","exports.createUDPServer = require('./lib/server').createUDPServer;","exports.createTCPServer = require('./lib/server').createTCPServer;","","var client = require('./lib/client');","exports.lookup = client.lookup;","exports.resolve = client.resolve;","exports.resolve4 = client.resolve4;","exports.resolve6 = client.resolve6;","exports.resolveMx = client.resolveMx;","exports.resolveTxt = client.resolveTxt;","exports.resolveSrv = client.resolveSrv;","exports.resolveNs = client.resolveNs;","exports.resolveCname = client.resolveCname;","exports.reverse = client.reverse;","","var consts = require('native-dns-packet').consts;","exports.BADNAME = consts.BADNAME;","exports.BADRESP = consts.BADRESP;","exports.CONNREFUSED = consts.CONNREFUSED;","exports.DESTRUCTION = consts.DESTRUCTION;","exports.REFUSED = consts.REFUSED;","exports.FORMERR = consts.FORMERR;","exports.NODATA = consts.NODATA;","exports.NOMEM = consts.NOMEM;","exports.NOTFOUND = consts.NOTFOUND;","exports.NOTIMP = consts.NOTIMP;","exports.SERVFAIL = consts.SERVFAIL;","exports.TIMEOUT = consts.TIMEOUT;","exports.consts = consts;","","var definedTypes = [","  'A',","  'AAAA',","  'NS',","  'CNAME',","  'PTR',","  'NAPTR',","  'TXT',","  'MX',","  'SRV',","  'SOA',","  'TLSA',","].forEach(function (type) {","  exports[type] = function (opts) {","    var obj = {};","    opts = opts || {};","    obj.type = consts.nameToQtype(type);","    obj.class = consts.NAME_TO_QCLASS.IN;","    Object.keys(opts).forEach(function (k) {","      if (opts.hasOwnProperty(k) && ['type', 'class'].indexOf(k) == -1) {","        obj[k] = opts[k];","      }","    });","    return obj;","  };","});","","exports.Question = function (opts) {","  var q = {}, qtype;","","  opts = opts || {};","","  q.name = opts.name;","","  qtype = opts.type || consts.NAME_TO_QTYPE.A;","  if (typeof(qtype) === 'string' || qtype instanceof String)","    qtype = consts.nameToQtype(qtype.toUpperCase());","","  if (!qtype || typeof(qtype) !== 'number')","    throw new Error(\"Question type must be defined and be valid\");","","  q.type = qtype;","","  q.class = opts.class || consts.NAME_TO_QCLASS.IN;","","  return q;","};","exports.Request = client.Request;",""],"l":{"23":1,"25":1,"26":1,"27":1,"29":1,"30":1,"31":1,"32":1,"33":1,"34":1,"35":1,"36":1,"37":1,"38":1,"39":1,"41":1,"42":1,"43":1,"44":1,"45":1,"46":1,"47":1,"48":1,"49":1,"50":1,"51":1,"52":1,"53":1,"54":1,"56":1,"69":11,"70":0,"71":0,"72":0,"73":0,"74":0,"75":0,"76":0,"79":0,"83":1,"84":0,"86":0,"88":0,"90":0,"91":0,"92":0,"94":0,"95":0,"97":0,"99":0,"101":0,"103":1}},"/home/travis/build/npmtest/node-npmtest-native-dns/node_modules/native-dns/lib/platform.js":{"path":"/home/travis/build/npmtest/node-npmtest-native-dns/node_modules/native-dns/lib/platform.js","s":{"1":1,"2":1,"3":1,"4":1,"5":1,"6":1,"7":3,"8":1,"9":1,"10":0,"11":0,"12":0,"13":0,"14":0,"15":0,"16":0,"17":1,"18":1,"19":1,"20":1,"21":1,"22":1,"23":1,"24":0,"25":0,"26":0,"27":0,"28":1,"29":1,"30":1,"31":1,"32":1,"33":1,"34":1,"35":1,"36":1,"37":1,"38":1,"39":1,"40":1,"41":0,"42":0,"43":0,"44":0,"45":1,"46":1,"47":1,"48":1,"49":1,"50":0,"51":0,"52":0,"53":0,"54":0,"55":0,"56":0,"57":0,"58":0,"59":0,"60":0,"61":0,"62":0,"63":0,"64":0,"65":1,"66":2,"67":1,"68":1,"69":1,"70":1,"71":1,"72":0,"73":1,"74":5,"75":5,"76":5,"77":3,"78":3,"79":1,"80":1,"81":0,"82":0,"83":1,"84":1,"85":0,"86":0,"87":0,"88":0,"89":0,"90":0,"91":0,"92":0,"93":0,"94":0,"95":1,"96":1,"97":1,"98":1,"99":1,"100":1,"101":1,"102":0,"103":1,"104":7,"105":7,"106":7,"107":4,"108":4,"109":4,"110":4,"111":4,"112":2,"113":2,"114":8,"115":8,"116":2,"117":8,"118":8,"119":2,"120":8,"121":2,"122":8,"123":8,"124":7,"125":8,"126":8,"127":8,"128":7,"129":8,"130":1,"131":9,"132":1,"133":1,"134":1},"b":{"1":[3,2],"2":[0,0],"3":[0,1],"4":[0,0],"5":[0,0],"6":[0,0],"7":[1,1],"8":[0,1],"9":[3,2],"10":[1,0,1,0],"11":[0,0,0],"12":[0,1],"13":[4,3],"14":[2,2],"15":[4,2,2],"16":[2,6],"17":[2,6],"18":[7,1],"19":[8,0],"20":[7,1]},"f":{"1":1,"2":3,"3":0,"4":0,"5":0,"6":1,"7":1,"8":1,"9":0,"10":0,"11":0,"12":2,"13":1,"14":1,"15":5,"16":1,"17":1,"18":7,"19":8,"20":8,"21":9},"fnMap":{"1":{"name":"(anonymous_1)","line":37,"loc":{"start":{"line":37,"column":15},"end":{"line":37,"column":26}}},"2":{"name":"(anonymous_2)","line":42,"loc":{"start":{"line":42,"column":9},"end":{"line":42,"column":20}}},"3":{"name":"(anonymous_3)","line":50,"loc":{"start":{"line":50,"column":9},"end":{"line":50,"column":20}}},"4":{"name":"(anonymous_4)","line":53,"loc":{"start":{"line":53,"column":9},"end":{"line":53,"column":25}}},"5":{"name":"(anonymous_5)","line":76,"loc":{"start":{"line":76,"column":28},"end":{"line":76,"column":39}}},"6":{"name":"(anonymous_6)","line":83,"loc":{"start":{"line":83,"column":38},"end":{"line":83,"column":49}}},"7":{"name":"(anonymous_7)","line":92,"loc":{"start":{"line":92,"column":36},"end":{"line":92,"column":47}}},"8":{"name":"(anonymous_8)","line":97,"loc":{"start":{"line":97,"column":31},"end":{"line":97,"column":42}}},"9":{"name":"(anonymous_9)","line":125,"loc":{"start":{"line":125,"column":33},"end":{"line":125,"column":44}}},"10":{"name":"(anonymous_10)","line":136,"loc":{"start":{"line":136,"column":10},"end":{"line":136,"column":36}}},"11":{"name":"(anonymous_11)","line":144,"loc":{"start":{"line":144,"column":10},"end":{"line":144,"column":36}}},"12":{"name":"(anonymous_12)","line":155,"loc":{"start":{"line":155,"column":33},"end":{"line":155,"column":44}}},"13":{"name":"(anonymous_13)","line":161,"loc":{"start":{"line":161,"column":33},"end":{"line":161,"column":44}}},"14":{"name":"(anonymous_14)","line":164,"loc":{"start":{"line":164,"column":43},"end":{"line":164,"column":63}}},"15":{"name":"(anonymous_15)","line":169,"loc":{"start":{"line":169,"column":29},"end":{"line":169,"column":44}}},"16":{"name":"(anonymous_16)","line":212,"loc":{"start":{"line":212,"column":33},"end":{"line":212,"column":53}}},"17":{"name":"(anonymous_17)","line":215,"loc":{"start":{"line":215,"column":34},"end":{"line":215,"column":54}}},"18":{"name":"(anonymous_18)","line":221,"loc":{"start":{"line":221,"column":29},"end":{"line":221,"column":44}}},"19":{"name":"(anonymous_19)","line":233,"loc":{"start":{"line":233,"column":24},"end":{"line":233,"column":41}}},"20":{"name":"(anonymous_20)","line":250,"loc":{"start":{"line":250,"column":24},"end":{"line":250,"column":41}}},"21":{"name":"(anonymous_21)","line":270,"loc":{"start":{"line":270,"column":33},"end":{"line":270,"column":48}}}},"statementMap":{"1":{"start":{"line":23,"column":0},"end":{"line":31,"column":31}},"2":{"start":{"line":33,"column":0},"end":{"line":35,"column":35}},"3":{"start":{"line":37,"column":0},"end":{"line":73,"column":2}},"4":{"start":{"line":38,"column":2},"end":{"line":38,"column":24}},"5":{"start":{"line":39,"column":2},"end":{"line":39,"column":27}},"6":{"start":{"line":41,"column":2},"end":{"line":45,"column":5}},"7":{"start":{"line":43,"column":6},"end":{"line":43,"column":47}},"8":{"start":{"line":47,"column":2},"end":{"line":47,"column":21}},"9":{"start":{"line":49,"column":2},"end":{"line":64,"column":5}},"10":{"start":{"line":51,"column":6},"end":{"line":51,"column":51}},"11":{"start":{"line":54,"column":6},"end":{"line":54,"column":12}},"12":{"start":{"line":55,"column":6},"end":{"line":62,"column":7}},"13":{"start":{"line":56,"column":8},"end":{"line":56,"column":27}},"14":{"start":{"line":58,"column":8},"end":{"line":61,"column":9}},"15":{"start":{"line":59,"column":10},"end":{"line":59,"column":35}},"16":{"start":{"line":60,"column":10},"end":{"line":60,"column":34}},"17":{"start":{"line":66,"column":2},"end":{"line":66,"column":27}},"18":{"start":{"line":68,"column":2},"end":{"line":68,"column":26}},"19":{"start":{"line":69,"column":2},"end":{"line":69,"column":24}},"20":{"start":{"line":70,"column":2},"end":{"line":70,"column":19}},"21":{"start":{"line":72,"column":2},"end":{"line":72,"column":21}},"22":{"start":{"line":74,"column":0},"end":{"line":74,"column":38}},"23":{"start":{"line":76,"column":0},"end":{"line":81,"column":2}},"24":{"start":{"line":77,"column":2},"end":{"line":77,"column":23}},"25":{"start":{"line":78,"column":2},"end":{"line":78,"column":26}},"26":{"start":{"line":79,"column":2},"end":{"line":79,"column":24}},"27":{"start":{"line":80,"column":2},"end":{"line":80,"column":19}},"28":{"start":{"line":83,"column":0},"end":{"line":90,"column":2}},"29":{"start":{"line":84,"column":2},"end":{"line":84,"column":24}},"30":{"start":{"line":85,"column":2},"end":{"line":85,"column":25}},"31":{"start":{"line":86,"column":2},"end":{"line":86,"column":24}},"32":{"start":{"line":87,"column":2},"end":{"line":87,"column":26}},"33":{"start":{"line":88,"column":2},"end":{"line":88,"column":20}},"34":{"start":{"line":89,"column":2},"end":{"line":89,"column":20}},"35":{"start":{"line":92,"column":0},"end":{"line":95,"column":2}},"36":{"start":{"line":93,"column":2},"end":{"line":93,"column":27}},"37":{"start":{"line":94,"column":2},"end":{"line":94,"column":21}},"38":{"start":{"line":97,"column":0},"end":{"line":123,"column":2}},"39":{"start":{"line":98,"column":2},"end":{"line":98,"column":29}},"40":{"start":{"line":100,"column":2},"end":{"line":120,"column":3}},"41":{"start":{"line":102,"column":6},"end":{"line":111,"column":8}},"42":{"start":{"line":112,"column":6},"end":{"line":112,"column":27}},"43":{"start":{"line":113,"column":6},"end":{"line":114,"column":59}},"44":{"start":{"line":115,"column":6},"end":{"line":115,"column":12}},"45":{"start":{"line":117,"column":6},"end":{"line":117,"column":25}},"46":{"start":{"line":118,"column":6},"end":{"line":118,"column":31}},"47":{"start":{"line":119,"column":6},"end":{"line":119,"column":12}},"48":{"start":{"line":122,"column":2},"end":{"line":122,"column":30}},"49":{"start":{"line":125,"column":0},"end":{"line":153,"column":2}},"50":{"start":{"line":126,"column":2},"end":{"line":126,"column":31}},"51":{"start":{"line":128,"column":2},"end":{"line":128,"column":36}},"52":{"start":{"line":130,"column":2},"end":{"line":152,"column":3}},"53":{"start":{"line":133,"column":6},"end":{"line":133,"column":12}},"54":{"start":{"line":135,"column":6},"end":{"line":142,"column":13}},"55":{"start":{"line":137,"column":12},"end":{"line":141,"column":13}},"56":{"start":{"line":138,"column":14},"end":{"line":138,"column":35}},"57":{"start":{"line":139,"column":14},"end":{"line":139,"column":38}},"58":{"start":{"line":140,"column":14},"end":{"line":140,"column":33}},"59":{"start":{"line":143,"column":6},"end":{"line":150,"column":13}},"60":{"start":{"line":145,"column":12},"end":{"line":149,"column":13}},"61":{"start":{"line":146,"column":14},"end":{"line":146,"column":35}},"62":{"start":{"line":147,"column":14},"end":{"line":147,"column":36}},"63":{"start":{"line":148,"column":14},"end":{"line":148,"column":42}},"64":{"start":{"line":151,"column":6},"end":{"line":151,"column":12}},"65":{"start":{"line":155,"column":0},"end":{"line":159,"column":2}},"66":{"start":{"line":156,"column":2},"end":{"line":158,"column":3}},"67":{"start":{"line":157,"column":4},"end":{"line":157,"column":23}},"68":{"start":{"line":161,"column":0},"end":{"line":210,"column":2}},"69":{"start":{"line":162,"column":2},"end":{"line":162,"column":18}},"70":{"start":{"line":164,"column":2},"end":{"line":209,"column":5}},"71":{"start":{"line":165,"column":4},"end":{"line":167,"column":5}},"72":{"start":{"line":166,"column":6},"end":{"line":166,"column":16}},"73":{"start":{"line":169,"column":4},"end":{"line":205,"column":7}},"74":{"start":{"line":170,"column":6},"end":{"line":170,"column":29}},"75":{"start":{"line":171,"column":6},"end":{"line":171,"column":44}},"76":{"start":{"line":172,"column":6},"end":{"line":204,"column":7}},"77":{"start":{"line":173,"column":8},"end":{"line":173,"column":34}},"78":{"start":{"line":174,"column":8},"end":{"line":203,"column":9}},"79":{"start":{"line":176,"column":12},"end":{"line":179,"column":15}},"80":{"start":{"line":180,"column":12},"end":{"line":180,"column":18}},"81":{"start":{"line":182,"column":12},"end":{"line":182,"column":42}},"82":{"start":{"line":183,"column":12},"end":{"line":183,"column":18}},"83":{"start":{"line":185,"column":12},"end":{"line":185,"column":48}},"84":{"start":{"line":186,"column":12},"end":{"line":186,"column":18}},"85":{"start":{"line":188,"column":12},"end":{"line":201,"column":13}},"86":{"start":{"line":189,"column":14},"end":{"line":189,"column":45}},"87":{"start":{"line":190,"column":14},"end":{"line":200,"column":15}},"88":{"start":{"line":192,"column":18},"end":{"line":192,"column":66}},"89":{"start":{"line":193,"column":18},"end":{"line":193,"column":24}},"90":{"start":{"line":195,"column":18},"end":{"line":195,"column":60}},"91":{"start":{"line":196,"column":18},"end":{"line":196,"column":24}},"92":{"start":{"line":198,"column":18},"end":{"line":198,"column":35}},"93":{"start":{"line":199,"column":18},"end":{"line":199,"column":24}},"94":{"start":{"line":202,"column":12},"end":{"line":202,"column":18}},"95":{"start":{"line":207,"column":4},"end":{"line":207,"column":25}},"96":{"start":{"line":208,"column":4},"end":{"line":208,"column":23}},"97":{"start":{"line":212,"column":0},"end":{"line":276,"column":2}},"98":{"start":{"line":213,"column":2},"end":{"line":213,"column":18}},"99":{"start":{"line":215,"column":2},"end":{"line":275,"column":5}},"100":{"start":{"line":216,"column":4},"end":{"line":216,"column":21}},"101":{"start":{"line":217,"column":4},"end":{"line":219,"column":5}},"102":{"start":{"line":218,"column":6},"end":{"line":218,"column":16}},"103":{"start":{"line":221,"column":4},"end":{"line":268,"column":7}},"104":{"start":{"line":222,"column":6},"end":{"line":222,"column":36}},"105":{"start":{"line":223,"column":6},"end":{"line":223,"column":44}},"106":{"start":{"line":224,"column":6},"end":{"line":267,"column":7}},"107":{"start":{"line":225,"column":8},"end":{"line":225,"column":34}},"108":{"start":{"line":226,"column":8},"end":{"line":226,"column":22}},"109":{"start":{"line":227,"column":8},"end":{"line":227,"column":31}},"110":{"start":{"line":228,"column":8},"end":{"line":228,"column":28}},"111":{"start":{"line":230,"column":8},"end":{"line":266,"column":9}},"112":{"start":{"line":232,"column":10},"end":{"line":232,"column":38}},"113":{"start":{"line":233,"column":10},"end":{"line":247,"column":13}},"114":{"start":{"line":234,"column":12},"end":{"line":234,"column":35}},"115":{"start":{"line":235,"column":12},"end":{"line":236,"column":38}},"116":{"start":{"line":236,"column":14},"end":{"line":236,"column":38}},"117":{"start":{"line":237,"column":12},"end":{"line":237,"column":27}},"118":{"start":{"line":238,"column":12},"end":{"line":239,"column":30}},"119":{"start":{"line":239,"column":14},"end":{"line":239,"column":30}},"120":{"start":{"line":240,"column":12},"end":{"line":246,"column":15}},"121":{"start":{"line":250,"column":10},"end":{"line":265,"column":13}},"122":{"start":{"line":251,"column":12},"end":{"line":251,"column":50}},"123":{"start":{"line":252,"column":12},"end":{"line":254,"column":13}},"124":{"start":{"line":253,"column":14},"end":{"line":253,"column":53}},"125":{"start":{"line":255,"column":12},"end":{"line":255,"column":45}},"126":{"start":{"line":256,"column":12},"end":{"line":256,"column":28}},"127":{"start":{"line":257,"column":12},"end":{"line":258,"column":31}},"128":{"start":{"line":258,"column":14},"end":{"line":258,"column":31}},"129":{"start":{"line":259,"column":12},"end":{"line":264,"column":15}},"130":{"start":{"line":270,"column":4},"end":{"line":272,"column":7}},"131":{"start":{"line":271,"column":6},"end":{"line":271,"column":65}},"132":{"start":{"line":273,"column":4},"end":{"line":273,"column":28}},"133":{"start":{"line":274,"column":4},"end":{"line":274,"column":23}},"134":{"start":{"line":278,"column":0},"end":{"line":278,"column":32}}},"branchMap":{"1":{"line":43,"type":"binary-expr","locations":[{"start":{"line":43,"column":13},"end":{"line":43,"column":26}},{"start":{"line":43,"column":30},"end":{"line":43,"column":46}}]},"2":{"line":55,"type":"if","locations":[{"start":{"line":55,"column":6},"end":{"line":55,"column":6}},{"start":{"line":55,"column":6},"end":{"line":55,"column":6}}]},"3":{"line":100,"type":"switch","locations":[{"start":{"line":101,"column":4},"end":{"line":115,"column":12}},{"start":{"line":116,"column":4},"end":{"line":119,"column":12}}]},"4":{"line":130,"type":"switch","locations":[{"start":{"line":131,"column":4},"end":{"line":133,"column":12}},{"start":{"line":134,"column":4},"end":{"line":151,"column":12}}]},"5":{"line":137,"type":"if","locations":[{"start":{"line":137,"column":12},"end":{"line":137,"column":12}},{"start":{"line":137,"column":12},"end":{"line":137,"column":12}}]},"6":{"line":145,"type":"if","locations":[{"start":{"line":145,"column":12},"end":{"line":145,"column":12}},{"start":{"line":145,"column":12},"end":{"line":145,"column":12}}]},"7":{"line":156,"type":"if","locations":[{"start":{"line":156,"column":2},"end":{"line":156,"column":2}},{"start":{"line":156,"column":2},"end":{"line":156,"column":2}}]},"8":{"line":165,"type":"if","locations":[{"start":{"line":165,"column":4},"end":{"line":165,"column":4}},{"start":{"line":165,"column":4},"end":{"line":165,"column":4}}]},"9":{"line":172,"type":"if","locations":[{"start":{"line":172,"column":6},"end":{"line":172,"column":6}},{"start":{"line":172,"column":6},"end":{"line":172,"column":6}}]},"10":{"line":174,"type":"switch","locations":[{"start":{"line":175,"column":10},"end":{"line":180,"column":18}},{"start":{"line":181,"column":10},"end":{"line":183,"column":18}},{"start":{"line":184,"column":10},"end":{"line":186,"column":18}},{"start":{"line":187,"column":10},"end":{"line":202,"column":18}}]},"11":{"line":190,"type":"switch","locations":[{"start":{"line":191,"column":16},"end":{"line":193,"column":24}},{"start":{"line":194,"column":16},"end":{"line":196,"column":24}},{"start":{"line":197,"column":16},"end":{"line":199,"column":24}}]},"12":{"line":217,"type":"if","locations":[{"start":{"line":217,"column":4},"end":{"line":217,"column":4}},{"start":{"line":217,"column":4},"end":{"line":217,"column":4}}]},"13":{"line":224,"type":"if","locations":[{"start":{"line":224,"column":6},"end":{"line":224,"column":6}},{"start":{"line":224,"column":6},"end":{"line":224,"column":6}}]},"14":{"line":230,"type":"if","locations":[{"start":{"line":230,"column":8},"end":{"line":230,"column":8}},{"start":{"line":230,"column":8},"end":{"line":230,"column":8}}]},"15":{"line":230,"type":"binary-expr","locations":[{"start":{"line":230,"column":12},"end":{"line":230,"column":24}},{"start":{"line":230,"column":28},"end":{"line":230,"column":30}},{"start":{"line":230,"column":34},"end":{"line":230,"column":38}}]},"16":{"line":235,"type":"if","locations":[{"start":{"line":235,"column":12},"end":{"line":235,"column":12}},{"start":{"line":235,"column":12},"end":{"line":235,"column":12}}]},"17":{"line":238,"type":"if","locations":[{"start":{"line":238,"column":12},"end":{"line":238,"column":12}},{"start":{"line":238,"column":12},"end":{"line":238,"column":12}}]},"18":{"line":252,"type":"if","locations":[{"start":{"line":252,"column":12},"end":{"line":252,"column":12}},{"start":{"line":252,"column":12},"end":{"line":252,"column":12}}]},"19":{"line":255,"type":"cond-expr","locations":[{"start":{"line":255,"column":36},"end":{"line":255,"column":37}},{"start":{"line":255,"column":40},"end":{"line":255,"column":44}}]},"20":{"line":257,"type":"if","locations":[{"start":{"line":257,"column":12},"end":{"line":257,"column":12}},{"start":{"line":257,"column":12},"end":{"line":257,"column":12}}]}},"code":["// Copyright 2011 Timothy J Fontaine <tjfontaine@gmail.com>","//","// Permission is hereby granted, free of charge, to any person obtaining a copy","// of this software and associated documentation files (the \"Software\"), to deal","// in the Software without restriction, including without limitation the rights","// to use, copy, modify, merge, publish, distribute, sublicense, and/or sell","// copies of the Software, and to permit persons to whom the Software is","// furnished to do so, subject to the following conditions:","//","// The above copyright notice and this permission notice shall be included in","// all copies or substantial portions of the Software.","//","// THE SOFTWARE IS PROVIDED \"AS IS\", WITHOUT WARRANTY OF ANY KIND, EXPRESS OR","// IMPLIED, INCLUDING BUT NOT LIMITED TO THE WARRANTIES OF MERCHANTABILITY,","// FITNESS FOR A PARTICULAR PURPOSE AND NONINFRINGEMENT. IN NO EVENT SHALL THE","// AUTHORS OR COPYRIGHT HOLDERS BE LIABLE FOR ANY CLAIM, DAMAGES OR OTHER","// LIABILITY, WHETHER IN AN ACTION OF CONTRACT, TORT OR OTHERWISE, ARISING FROM,","// OUT OF OR IN CONNECTION WITH THE SOFTWARE OR THE USE OR OTHER DEALINGS IN","// THE SOFTWARE","","'use strict';","","var fs = require('fs'),","    EventEmitter = require('events').EventEmitter,","    net = require('net'),","    os = require('os'),","    util = require('util'),","    Cache = require('native-dns-cache'),","    consts = require('native-dns-packet').consts,","    path = require('path'),","    utils = require('./utils');","","var A = consts.NAME_TO_QTYPE.A,","    AAAA = consts.NAME_TO_QTYPE.AAAA,","    PTR = consts.NAME_TO_QTYPE.PTR;","","var Platform = function() {","  this._nsReady = false;","  this._hostsReady = false;","","  Object.defineProperty(this, 'ready', {","    get: function() {","      return this._nsReady && this._hostsReady;","    }","  });","","  this._watches = {};","","  Object.defineProperty(this, 'watching', {","    get: function() {","      return Object.keys(this._watches).length > 0;","    },","    set: function(value) {","      var k;","      if (value)","        this._watchFiles();","      else {","        for (k in this._watches) {","          this._watches[k].close();","          delete this._watches[k];","        }","      }","    }","  });","","  this.hosts = new Cache();","","  this._initNameServers();","  this._initHostsFile();","  this._populate();","","  this.cache = false; //new Cache();","};","util.inherits(Platform, EventEmitter);","","Platform.prototype.reload = function() {","  this.emit('unready');","  this._initNa
[...]
"      if (req.try_edns) {","        packet.edns_version = 0;","        //TODO when we support dnssec","        //packet.do = 1","      }","","      packet.question.push(req.question);","      packet.send();","","      this._ref();","    } catch (e) {","      req.error(e);","    }","  }","};","","SocketQueue.prototype._onmessage = function(msg, remote) {","  var req, packet;","","  debug('got a message', this._server);","","  try {","    packet = Packet.parse(msg, remote);","    req = this._active[packet.header.id];","    debug('associated message', packet.header.id);","  } catch (e) {","    debug('error parsing packet', e);","  }","","  if (req) {","    delete this._active[packet.header.id];","    this._active_count -= 1;","    req.handle(null, packet);","    this._fill();","  }","","  this._unref();","};","","SocketQueue.prototype._unref = function() {","  var self = this;","  this._refd = false;","","  if (this._active_count <= 0) {","    if (this._socket.unref) {","      debug('unrefd socket');","      this._socket.unref();","    } else if (!this._timer) {","      this._timer = setTimeout(function() {","        self.close();","      }, 300);","    }","  }","};","","SocketQueue.prototype._ref = function() {","  this._refd = true;","  if (this._socket.ref) {","    debug('refd socket');","    this._socket.ref();","  } else if (this._timer) {","    clearTimeout(this._timer);","    this._timer = null;","  }","};","","SocketQueue.prototype._onlisten = function() {","  this._unref();","  this._listening = true;","  this._fill();","};","","SocketQueue.prototype._onclose = function() {","  var req, err, self = this;","","  debug('socket closed', this);","","  this._listening = false;","","  err = new Error('getHostByName ' + consts.TIMEOUT);","  err.errno = consts.TIMEOUT;","","  while (this._pending.length) {","    req = this._pending.pop();","    req.error(err);","  }","","  Object.keys(this._active).forEach(function(key) {","    var req = self._active[key];","    req.error(err);","    delete self._active[key];","    self._active_count -= 1;","  });","};","","var serverHash = function(server) {","  if (server.type === 'tcp')","    return server.address + ':' + server.port;","  else","    return 'udp' + net.isIP(server.address);","};","","var _sockets = {};","","exports.send = function(request) {","  var hash = serverHash(request.server);","  var socket = _sockets[hash];","","  if (!socket) {","    switch (hash) {","      case 'udp4':","      case 'udp6':","        socket = new SocketQueue(new UDPSocket(), hash);","        break;","      default:","        socket = new SocketQueue(new TCPSocket(), request.server);","        break;","    }","","    socket.on('close', function() {","      delete _sockets[hash];","    });","","    _sockets[hash] = socket;","  }","","  socket.send(request);","};","","exports.remove = function(request) {","  var hash = serverHash(request.server);","  var socket = _sockets[hash];","  if (socket) {","    socket.remove(request);","  }","};",""],"l":{"23":1,"31":1,"36":1,"37":0,"38":0,"39":0,"41":0,"43":0,"45":0,"46":0,"47":0,"48":0,"49":0,"51":0,"53":1,"55":1,"56":0,"57":0,"58":0,"61":1,"62":0,"63":0,"65":0,"66":0,"67":0,"68":0,"71":0,"72":0,"74":0,"77":1,"78":0,"79":0,"80":0,"81":0,"84":1,"85":0,"88":0,"90":0,"93":0,"97":1,"98":0,"101":1,"102":0,"103":0,"105":0,"106":0,"108":0,"109":0,"111":0,"113":0,"114":0,"115":0,"117":0,"118":0,"119":0,"120":0,"122":0,"123":0,"128":0,"129":0,"131":0,"133":0,"138":1,"139":0,"141":0,"143":0,"144":0,"145":0,"146":0,"148":0,"151":0,"152":0,"153":0,"154":0,"155":0,"158":0,"161":1,"162":0,"163":0,"165":0,"166":0,"167":0,"168":0,"169":0,"170":0,"171":0,"177":1,"178":0,"179":0,"180":0,"181":0,"182":0,"183":0,"184":0,"188":1,"189":0,"190":0,"191":0,"194":1,"195":0,"197":0,"199":0,"201":0,"202":0,"204":0,"205":0,"206":0,"209":0,"210":0,"211":0,"212":0,"213":0,"217":1,"218":0,"219":0,"221":0,"224":1,"226":1,"227":0,"228":0,"230":0,"231":0,"234":0,"235":0,"237":0,"238":0,"241":0,"242":0,"245":0,"248":0,"251":1,"252":0,"253":0,"254":0,"255":0}},"/home/travis/build/npmtest/node-npmtest-native-dns/node_modules/native-dns/benchmark.js":{"path":"/home/travis/build/npmtest/node-npmtest-native-dns/node_modules/native-dns/benchmark.js","s":{"1":2,"2":2,"3":2,"4":2,"5":2,"6":0,"7":0,"8":0,"9":0,"10":0,"11":0,"12":0,"13":2,"14":2,"15":2,"16":2,"17":0,"18":0,"19":0,"20":0,"21":0,"22":2,"23":0,"24":0,"25":0,"26":0,"27":0,"28":0,"29":0,"30":0,"31":0,"32":0,"33":0,"34":0,"35":0,"36":0,"37":2,"38":2,"39":0,"40":0,"41":0,"42":0,"43":0,"44":0,"45":0,"46":0,"47":2,"48":0,"49":0,"50":0,"51":0,"52":0,"53":0,"54":0,"55":0,"56":0,"57":0,"58":0,"59":0,"60":0,"61":0,"62":0,"63":0,"64":0,"65":0,"66":0,"67":0,"68":0,"69":1,"70":0,"71":0,"72":0,"73":0,"74":0,"75":0,"76":0,"77":0,"78":0,"79":0},"b":{"1":[2,0],"2":[0,0],"3":[0,0],"4":[0,0],"5":[0,0],"6":[0,0],"7":[0,0],"8":[0,0],"9":[0,0],"10":[0,0],"11":[0,0],"12":[0,0],"13":[0,0]},"f":{"1":0,"2":0,"3":0,"4":0,"5":0,"6":0,"7":0,"8":0,"9":0,"10":0},"fnMap":{"1":{"name":"(anonymous_1)","line":89,"loc":{"start":{"line":89,"column":12},"end":{"line":89,"column":56}}},"2":{"name":"(anonymous_2)","line":103,"loc":{"start":{"line":103,"column":24},"end":{"line":103,"column":35}}},"3":{"name":"(anonymous_3)","line":109,"loc":{"start":{"line":109,"column":13},"end":{"line":109,"column":24}}},"4":{"name":"(anonymous_4)","line":115,"loc":{"start":{"line":115,"column":24},"end":{"line":115,"column":35}}},"5":{"name":"(anonymous_5)","line":120,"loc":{"start":{"line":120,"column":69},"end":{"line":120,"column":89}}},"6":{"name":"(anonymous_6)","line":139,"loc":{"start":{"line":139,"column":22},"end":{"line":139,"column":33}}},"7":{"name":"check","line":195,"loc":{"start":{"line":195,"column":0},"end":{"line":195,"column":17}}},"8":{"name":"(anonymous_8)","line":202,"loc":{"start":{"line":202,"column":16},"end":{"line":202,"column":28}}},"9":{"name":"(anonymous_9)","line":203,"loc":{"start":{"line":203,"column":31},"end":{"line":203,"column":49}}},"10":{"name":"(anonymous_10)","line":205,"loc":{"start":{"line":205,"column":42},"end":{"line":205,"column":64}}}},"statementMap":{"1":{"start":{"line":3,"column":0},"end":{"line":3,"column":31}},"2":{"start":{"line":4,"column":0},"end":{"line":4,"column":50}},"3":{"start":{"line":5,"column":0},"end":{"line":5,"column":27}},"4":{"start":{"line":68,"column":0},"end":{"line":87,"column":2}},"5":{"start":{"line":89,"column":0},"end":{"line":97,"column":2}},"6":{"start":{"line":90,"column":2},"end":{"line":90,"column":19}},"7":{"start":{"line":91,"column":2},"end":{"line":91,"column":25}},"8":{"start":{"line":92,"column":2},"end":{"line":92,"column":21}},"9":{"start":{"line":93,"column":2},"end":{"line":93,"column":21}},"10":{"start":{"line":94,"column":2},"end":{"line":94,"column":22}},"11":{"start":{"line":95,"column":2},"end":{"line":95,"column":33}},"12":{"start":{"line":96,"column":2},"end":{"line":96,"column":21}},"13":{"start":{"line":98,"column":0},"end":{"line":98,"column":35}},"14":{"start":{"line":100,"column":0},"end":{"line":100,"column":32}},"15":{"start":{"line":101,"column":0},"end":{"line":101,"column":55}},"16":{"start":{"line":103,"column":0},"end":{"line":113,"column":2}},"17":{"start":{"line":104,"column":2},"end":{"line":104,"column":21}},"18":{"start":{"line":106,"column":2},"end":{"line":106,"column":26}},"19":{"start":{"line":108,"column":2},"end":{"line":112,"column":3}},"20":{"start":{"line":109,"column":4},"end":{"line":111,"column":7}},"21":{"start":{"line":110,"column":6},"end":{"line":110,"column":19}},"22":{"start":{"line":115,"column":0},"end":{"line":135,"column":2}},"23":{"start":{"line":116,"column":2},"end":{"line":116,"column":18}},"24":{"start":{"line":118,"column":2},"end":{"line":134,"column":3}},"25":{"start":{"line":119,"column":4},"end":{"line":119,"column":25}},"26":{"start":{"line":120,"column":4},"end":{"line":131,"column":7}},"27":{"start":{"line":121,"column":6},"end":{"line":121,"column":29}},"28":{"start":{"line":122,"column":6},"end":{"line":130,"column":7}},"29":{"start":{"line":123,"column":8},"end":{"line":123,"column":23}},"30":{"start":{"line":124,"column":8},"end":{"line":124,"column":25}},"31":{"start":{"line":125,"column":8},"end":{"line":125,"column":31}},"32":{"start":{"line":126,"column":8},"end":{"line":126,"column":19}},"33":{"start":{"line":128,"column":8},"end":{"line":128,"column":28}},"34":{"start":{"line":129,"column":8},"end":{"line":129,"column":21}},"35":{"start":{"line":132,"column":9},"end":{"line":134,"column":3}},"36":{"start":{"line":133,"column":4},"end":{"line":133,"column":15}},"37":{"start":{"line":137,"column":0},"end":{"line":137,"column":17}},"38":{"start":{"line":139,"column":0},"end":{"line":157,"column":2}},"39":{"start":{"line":140,"column":2},"end":{"line":140,"column":25}},"40":{"start":{"line":140,"column":18},"end":{"line":140,"column":25}},"41":{"start":{"line":142,"column":2},"end":{"line":142,"column":20}},"42":{"start":{"line":144,"column":2},"end":{"line":144,"column":54}},"43":{"start":{"line":146,"column":2},"end":{"line":148,"column":3}},"44":{"start":{"line":147,"column":4},"end":{"line":147,"column":28}},"45":{"start":{"line":150,"column":2},"end":{"line":154,"column":4}},"46":{"start":{"line":156,"column":2},"end":{"line":156,"column":19}},"47":{"start":{"line":159,"column":0},"end":{"line":159,"column":83}},"48":{"start":{"line":160,"column":0},"end":{"line":160,"column":22}},"49":{"start":{"line":162,"column":0},"end":{"line":165,"column":1}},"50":{"start":{"line":163,"column":2},"end":{"line":163,"column":16}},"51":{"start":{"line":164,"column":2},"end":{"line":164,"column":17}},"52":{"start":{"line":167,"column":0},"end":{"line":167,"column":41}},"53":{"start":{"line":168,"column":0},"end":{"line":168,"column":35}},"54":{"start":{"line":169,"column":0},"end":{"line":169,"column":32}},"55":{"start":{"line":171,"column":0},"end":{"line":175,"column":1}},"56":{"start":{"line":172,"column":2},"end":{"line":172,"column":17}},"57":{"start":{"line":173,"column":2},"end":{"line":173,"column":67}},"58":{"start":{"line":174,"column":2},"end":{"line":174,"column":18}},"59":{"start":{"line":177,"column":0},"end":{"line":181,"column":1}},"60":{"start":{"line":178,"column":2},"end":{"line":178,"column":17}},"61":{"start":{"line":179,"column":2},"end":{"line":179,"column":62}},"62":{"start":{"line":180,"column":2},"end":{"line":180,"column":18}},"63":{"start":{"line":183,"column":0},"end":{"line":183,"column":12}},"64":{"start":{"line":185,"column":0},"end":{"line":191,"column":1}},"65":{"start":{"line":186,"column":2},"end":{"line":186,"column":27}},"66":{"start":{"line":188,"column":2},"end":{"line":188,"column":29}},"67":{"start":{"line":190,"column":2},"end":{"line":190,"column":33}},"68":{"start":{"line":193,"column":0},"end":{"line":193,"column":66}},"69":{"start":{"line":195,"column":0},"end":{"line":200,"column":1}},"70":{"start":{"line":196,"column":2},"end":{"line":199,"column":17}},"71":{"start":{"line":197,"column":4},"end":{"line":197,"column":19}},"72":{"start":{"line":199,"column":4},"end":{"line":199,"column":17}},"73":{"start":{"line":202,"column":0},"end":{"line":210,"column":3}},"74":{"start":{"line":203,"column":2},"end":{"line":209,"column":5}},"75":{"start":{"line":204,"column":4},"end":{"line":204,"column":29}},"76":{"start":{"line":205,"column":4},"end":{"line":208,"column":7}},"77":{"start":{"line":206,"column":6},"end":{"line":206,"column":29}},"78":{"start":{"line":207,"column":6},"end":{"line":207,"column":55}},"79":{"start":{"line":212,"column":0},"end":{"line":212,"column":8}}},"branchMap":{"1":{"line":101,"type":"binary-expr","locations":[{"start":{"line":101,"column":15},"end":{"line":101,"column":34}},{"start":{"line":101,"column":38},"end":{"line":101,"column":54}}]},"2":{"line":118,"type":"if","locations":[{"start":{"line":118,"column":2},"end":{"line":118,"column":2}},{"start":{"line":118,"column":2},"end":{"line":118,"column":2}}]},"3":{"line":122,"type":"if","locations":[{"start":{"line":122,"column":6},"end":{"line":122,"column":6}},{"start":{"line":122,"column":6},"end":{"line":122,"column":6}}]},"4":{"line":132,"type":"if","locations":[{"start":{"line":132,"column":9},"end":{"line":132,"column":9}},{"start":{"line":132,"column":9},"end":{"line":132,"column":9}}]},"5":{"line":140,"type":"if","locations":[{"start":{"line":140,"column":2},"end":{"line":140,"column":2}},{"start":{"line":140,"column":2},"end":{"line":140,"column":2}}]},"6":{"line":146,"type":"if","locations":[{"start":{"line":146,"column":2},"end":{"line":146,"column":2}},{"start":{"line":146,"column":2},"end":{"line":146,"column":2}}]},"7":{"line":162,"type":"if","locations":[{"start":{"line":162,"column":0},"end":{"line":162,"column":0}},{"start":{"line":162,"column":0},"end":{"line":162,"column":0}}]},"8":{"line":171,"type":"if","locations":[{"start":{"line":171,"column":0},"end":{"line":171,"column":0}},{"start":{"line":171,"column":0},"end":{"line":171,"column":0}}]},"9":{"line":177,"type":"if","locations":[{"start":{"line":177,"column":0},"end":{"line":177,"column":0}},{"start":{"line":177,"column":0},"end":{"line":177,"column":0}}]},"10":{"line":177,"type":"binary-expr","locations":[{"start":{"line":177,"column":4},"end":{"line":177,"column":21}},{"start":{"line":177,"column":25},"end":{"line":177,"column":39}}]},"11":{"line":185,"type":"if","locations":[{"start":{"line":185,"column":0},"end":{"line":185,"column":0}},{"start":{"line":185,"column":0},"end":{"line":185,"column":0}}]},"12":{"line":196,"type":"if","locations":[{"start":{"line":196,"column":2},"end":{"line":196,"column":2}},{"start":{"line":196,"column":2},"end":{"line":196,"column":2}}]},"13":{"line":196,"type":"binary-expr","locations":[{"start":{"line":196,"column":6},"end":{"line":196,"column":22}},{"start":{"line":196,"column":26},"end":{"line":196,"column":49}}]}},"code":["'use strict';","","var assert = require('assert');","var EventEmitter = require('events').EventEmitter;","var util = require('util');","","/*","Does ramping up \"concurrency\" test our ability to keep track of","multiple queries in flight, or does it just benchmark process.nextTick?","","output format: <library> <oncurrency> <time> <completed queries / time>","","results with caching","====================","","stock 1 0.304 3289.4736842105262","stock 2 0.139 7194.244604316546","stock 4 0.067 14925.373134328358","stock 8 0.037 27027.027027027027","stock 16 0.037 27027.027027027027","stock 32 0.031 32258.064516129034","stock 64 0.033 30303.0303030303","stock 128 0.032 31250","stock 256 0.031 32258.064516129034","stock 512 0.03 33333.333333333336","stock 1024 5.08 196.8503937007874","","native-dns 1 0.18 5555.555555555556","native-dns 2 0.113 8849.557522123894","native-dns 4 0.083 12048.192771084337","native-dns 8 0.08 12500","native-dns 16 0.079 12658.227848101265","native-dns 32 0.076 13157.894736842105","native-dns 64 0.085 11764.70588235294","native-dns 128 0.067 14925.373134328358","native-dns 256 0.068 14705.882352941175","native-dns 512 0.096 10416.666666666666","native-dns 1024 0.129 7751.937984496124","","results without caching","=======================","","stock 1 0.543 1841.6206261510129","stock 2 0.143 6993.006993006994","stock 4 0.068 14705.882352941175","stock 8 0.036 27777.77777777778","stock 16 0.032 31250","stock 32 0.034 29411.76470588235","stock 64 0.037 27027.027027027027","stock 128 0.032 31250","stock 256 0.037 27027.027027027027","stock 512 5.117 195.42700801250732","stock 1024 6.011 166.36167027116952","","native-dns 1 0.517 1934.2359767891683","native-dns 2 0.309 3236.2459546925566","native-dns 4 0.236 4237.28813559322","native-dns 8 0.216 4629.62962962963","native-dns 16 0.164 6097.560975609756","native-dns 32 0.157 6369.426751592357","native-dns 64 0.15 6666.666666666667","native-dns 128 0.18 5555.555555555556","native-dns 256 0.176 5681.818181818182","native-dns 512 0.173 5780.346820809249","native-dns 1024 0.164 6097.560975609756","*/","","var names = [","  'www.google.com',","  'www.facebook.com',","  'www.intel.com',","  'www.amd.com',","  'www.yahoo.com',","  'www.msnbc.com',","  'www.microsoft.com',","  'www.apple.com',","  'www.youtube.com',","  'www.amazon.com',","  'www.twitter.com',","  'www.ebay.com',","  'www.ask.com',","  'www.aol.com',","  'www.reddit.com',","  'www.wikipedia.org',","  'www.wordpress.com',","  'www.linkedin.com',","];","","var Bench = function(name, library, count, concurrency) {","  this.name = name;","  this.library = library;","  this.count = count;","  this.completed = 0;","  this.dispatched = 0;","  this.concurrency = concurrency;","  this.ended = false;","};","util.inherits(Bench, EventEmitter);","","var nextTick = process.nextTick;","var nextTick = global.setImmediate || process.nextTick;","","Bench.prototype.start = function() {","  var i, self = this;","","  this.start = Date.now();","","  for (i = 0; i < this.concurrency; i++) {","    nextTick(function() {","      self.query();","    });","  }","};","","Bench.prototype.query = function() {","  var self = this;","","  if (this.dispatched < this.count) {","    this.dispatched += 1;","    this.library.resolve(names[this.dispatched % names.length], 'A', function (err, res) {","      self.done = Date.now();","      if (err) {","        self.count = 0;","        console.log(err);","        console.log(err.stack);","        self.end();","      } else {","        self.completed += 1;","        self.query();","      }","    });","  } else if(this.completed === this.count) {","    this.end();","  }","};","","var results = {};","","Bench.prototype.end = function() {","  if (this.ended) return;","","  this.ended = true;","","  var total_seconds = (this.done - this.start) / 1000;","","  if (!results[this.name]) {","    results[this.name] = {};","  }","","  results[this.name][this.concurrency] = {","    time: total_seconds,","    completed: this.completed,","    qps: this.completed/total_seconds,","  };","","  this.emit('end');","};","","var opt = require('optimist').usage('Usage: $0 <library> <concurrency> <queries>');","var argv = opt.argv._;","","if (argv.length != 3) {","  opt.showHelp()","  process.exit(1)","}","","var library_name = argv[0].toLowerCase();","var concurrent = parseInt(argv[1]);","var queries = parseInt(argv[2]);","","if (['stock', 'native-dns'].indexOf(library_name) === -1) {","  opt.showHelp();","  console.error('library should be one of: stock, native-dns\\r\\n');","  process.exit(1);","}","","if (isNaN(concurrent) || isNaN(queries)) {","  opt.showHelp();","  console.error('concurrency and queries should be integers');","  process.exit(1);","}","","var library;","","if (library_name === 'stock') {","  library = require('dns');","} else {","  library = require('./dns');","  // to be fair don't cache","  library.platform.cache = false;","}","","var bench = new Bench(library_name, library, queries, concurrent);","","function check() {","  if (library.platform && !library.platform.ready)","    nextTick(check)","  else","    bench.start()","}","","bench.on('end', function () {","  Object.keys(results).forEach(function(library) {","    var l = results[library];","    Object.keys(results[library]).forEach(function(concurrency) {","      var r = l[concurrency];","      console.log(library, concurrency, r.time, r.qps);","    });","  });","});","","check();",""],"l":{"3":2,"4":2,"5":2,"68":2,"89":2,"90":0,"91":0,"92":0,"93":0,"94":0,"95":0,"96":0,"98":2,"100":2,"101":2,"103":2,"104":0,"106":0,"108":0,"109":0,"110":0,"115":2,"116":0,"118":0,"119":0,"120":0,"121":0,"122":0,"123":0,"124":0,"125":0,"126":0,"128":0,"129":0,"132":0,"133":0,"137":2,"139":2,"140":0,"142":0,"144":0,"146":0,"147":0,"150":0,"156":0,"159":2,"160":0,"162":0,"163":0,"164":0,"167":0,"168":0,"169":0,"171":0,"172":0,"173":0,"174":0,"177":0,"178":0,"179":0,"180":0,"183":0,"185":0,"186":0,"188":0,"190":0,"193":0,"195":1,"196":0,"197":0,"199":0,"202":0,"203":0,"204":0,"205":0,"206":0,"207":0,"212":0}}}